{"F:\\GitHub\\vibe-idle-bricks\\src\\App.tsx": {"path":"F:\\GitHub\\vibe-idle-bricks\\src\\App.tsx","statementMap":{"0":{"start":{"line":5,"column":2},"end":{"line":20,"column":null}}},"fnMap":{"0":{"name":"App","decl":{"start":{"line":4,"column":9},"end":{"line":4,"column":15}},"loc":{"start":{"line":4,"column":15},"end":{"line":22,"column":null}},"line":4}},"branchMap":{},"s":{"0":5},"f":{"0":5},"b":{},"meta":{"lastBranch":0,"lastFunction":1,"lastStatement":1,"seen":{"f:4:9:4:15":0,"s:5:2:20:Infinity":0}}}
,"F:\\GitHub\\vibe-idle-bricks\\src\\components\\Footer.tsx": {"path":"F:\\GitHub\\vibe-idle-bricks\\src\\components\\Footer.tsx","statementMap":{"0":{"start":{"line":4,"column":8},"end":{"line":4,"column":null}},"1":{"start":{"line":4,"column":39},"end":{"line":4,"column":49}},"2":{"start":{"line":5,"column":8},"end":{"line":5,"column":null}},"3":{"start":{"line":5,"column":40},"end":{"line":5,"column":51}},"4":{"start":{"line":7,"column":21},"end":{"line":10,"column":null}},"5":{"start":{"line":8,"column":4},"end":{"line":8,"column":null}},"6":{"start":{"line":12,"column":22},"end":{"line":16,"column":null}},"7":{"start":{"line":13,"column":4},"end":{"line":15,"column":null}},"8":{"start":{"line":14,"column":6},"end":{"line":14,"column":null}},"9":{"start":{"line":18,"column":2},"end":{"line":27,"column":null}}},"fnMap":{"0":{"name":"Footer","decl":{"start":{"line":3,"column":16},"end":{"line":3,"column":25}},"loc":{"start":{"line":3,"column":25},"end":{"line":29,"column":null}},"line":3},"1":{"name":"(anonymous_1)","decl":{"start":{"line":4,"column":28},"end":{"line":4,"column":29}},"loc":{"start":{"line":4,"column":39},"end":{"line":4,"column":49}},"line":4},"2":{"name":"(anonymous_2)","decl":{"start":{"line":5,"column":29},"end":{"line":5,"column":30}},"loc":{"start":{"line":5,"column":40},"end":{"line":5,"column":51}},"line":5},"3":{"name":"(anonymous_3)","decl":{"start":{"line":7,"column":21},"end":{"line":7,"column":27}},"loc":{"start":{"line":7,"column":27},"end":{"line":10,"column":null}},"line":7},"4":{"name":"(anonymous_4)","decl":{"start":{"line":12,"column":22},"end":{"line":12,"column":28}},"loc":{"start":{"line":12,"column":28},"end":{"line":16,"column":null}},"line":12}},"branchMap":{"0":{"loc":{"start":{"line":13,"column":4},"end":{"line":15,"column":null}},"type":"if","locations":[{"start":{"line":13,"column":4},"end":{"line":15,"column":null}},{"start":{},"end":{}}],"line":13}},"s":{"0":12,"1":37,"2":12,"3":37,"4":12,"5":1,"6":12,"7":3,"8":1,"9":12},"f":{"0":12,"1":37,"2":37,"3":1,"4":3},"b":{"0":[1,2]},"meta":{"lastBranch":1,"lastFunction":5,"lastStatement":10,"seen":{"f:3:16:3:25":0,"s:4:8:4:Infinity":0,"f:4:28:4:29":1,"s:4:39:4:49":1,"s:5:8:5:Infinity":2,"f:5:29:5:30":2,"s:5:40:5:51":3,"s:7:21:10:Infinity":4,"f:7:21:7:27":3,"s:8:4:8:Infinity":5,"s:12:22:16:Infinity":6,"f:12:22:12:28":4,"b:13:4:15:Infinity:undefined:undefined:undefined:undefined":0,"s:13:4:15:Infinity":7,"s:14:6:14:Infinity":8,"s:18:2:27:Infinity":9}}}
,"F:\\GitHub\\vibe-idle-bricks\\src\\components\\PhaserGame.tsx": {"path":"F:\\GitHub\\vibe-idle-bricks\\src\\components\\PhaserGame.tsx","statementMap":{"0":{"start":{"line":6,"column":8},"end":{"line":6,"column":null}},"1":{"start":{"line":7,"column":8},"end":{"line":7,"column":null}},"2":{"start":{"line":9,"column":2},"end":{"line":23,"column":null}},"3":{"start":{"line":10,"column":4},"end":{"line":15,"column":null}},"4":{"start":{"line":11,"column":6},"end":{"line":14,"column":null}},"5":{"start":{"line":17,"column":4},"end":{"line":22,"column":null}},"6":{"start":{"line":18,"column":6},"end":{"line":21,"column":null}},"7":{"start":{"line":19,"column":8},"end":{"line":19,"column":null}},"8":{"start":{"line":20,"column":8},"end":{"line":20,"column":null}},"9":{"start":{"line":25,"column":2},"end":{"line":25,"column":null}}},"fnMap":{"0":{"name":"PhaserGame","decl":{"start":{"line":5,"column":16},"end":{"line":5,"column":29}},"loc":{"start":{"line":5,"column":29},"end":{"line":26,"column":null}},"line":5},"1":{"name":"(anonymous_1)","decl":{"start":{"line":9,"column":12},"end":{"line":9,"column":18}},"loc":{"start":{"line":9,"column":18},"end":{"line":23,"column":5}},"line":9},"2":{"name":"(anonymous_2)","decl":{"start":{"line":17,"column":11},"end":{"line":17,"column":17}},"loc":{"start":{"line":17,"column":17},"end":{"line":22,"column":null}},"line":17}},"branchMap":{"0":{"loc":{"start":{"line":10,"column":4},"end":{"line":15,"column":null}},"type":"if","locations":[{"start":{"line":10,"column":4},"end":{"line":15,"column":null}},{"start":{},"end":{}}],"line":10},"1":{"loc":{"start":{"line":10,"column":8},"end":{"line":10,"column":50}},"type":"binary-expr","locations":[{"start":{"line":10,"column":8},"end":{"line":10,"column":32}},{"start":{"line":10,"column":32},"end":{"line":10,"column":50}}],"line":10},"2":{"loc":{"start":{"line":18,"column":6},"end":{"line":21,"column":null}},"type":"if","locations":[{"start":{"line":18,"column":6},"end":{"line":21,"column":null}},{"start":{},"end":{}}],"line":18}},"s":{"0":0,"1":0,"2":0,"3":0,"4":0,"5":0,"6":0,"7":0,"8":0,"9":0},"f":{"0":0,"1":0,"2":0},"b":{"0":[0,0],"1":[0,0],"2":[0,0]},"meta":{"lastBranch":3,"lastFunction":3,"lastStatement":10,"seen":{"f:5:16:5:29":0,"s:6:8:6:Infinity":0,"s:7:8:7:Infinity":1,"s:9:2:23:Infinity":2,"f:9:12:9:18":1,"b:10:4:15:Infinity:undefined:undefined:undefined:undefined":0,"s:10:4:15:Infinity":3,"b:10:8:10:32:10:32:10:50":1,"s:11:6:14:Infinity":4,"s:17:4:22:Infinity":5,"f:17:11:17:17":2,"b:18:6:21:Infinity:undefined:undefined:undefined:undefined":2,"s:18:6:21:Infinity":6,"s:19:8:19:Infinity":7,"s:20:8:20:Infinity":8,"s:25:2:25:Infinity":9}}}
,"F:\\GitHub\\vibe-idle-bricks\\src\\components\\Shop.tsx": {"path":"F:\\GitHub\\vibe-idle-bricks\\src\\components\\Shop.tsx","statementMap":{"0":{"start":{"line":5,"column":30},"end":{"line":5,"column":null}},"1":{"start":{"line":9,"column":8},"end":{"line":9,"column":null}},"2":{"start":{"line":9,"column":40},"end":{"line":9,"column":51}},"3":{"start":{"line":10,"column":8},"end":{"line":10,"column":null}},"4":{"start":{"line":10,"column":44},"end":{"line":10,"column":59}},"5":{"start":{"line":11,"column":8},"end":{"line":11,"column":null}},"6":{"start":{"line":11,"column":47},"end":{"line":11,"column":65}},"7":{"start":{"line":12,"column":8},"end":{"line":12,"column":null}},"8":{"start":{"line":12,"column":47},"end":{"line":12,"column":65}},"9":{"start":{"line":13,"column":8},"end":{"line":13,"column":null}},"10":{"start":{"line":13,"column":48},"end":{"line":13,"column":67}},"11":{"start":{"line":14,"column":8},"end":{"line":14,"column":null}},"12":{"start":{"line":14,"column":46},"end":{"line":14,"column":63}},"13":{"start":{"line":15,"column":8},"end":{"line":15,"column":null}},"14":{"start":{"line":15,"column":42},"end":{"line":15,"column":55}},"15":{"start":{"line":16,"column":8},"end":{"line":16,"column":null}},"16":{"start":{"line":16,"column":45},"end":{"line":16,"column":61}},"17":{"start":{"line":17,"column":8},"end":{"line":17,"column":null}},"18":{"start":{"line":17,"column":43},"end":{"line":17,"column":57}},"19":{"start":{"line":19,"column":25},"end":{"line":23,"column":null}},"20":{"start":{"line":20,"column":4},"end":{"line":22,"column":null}},"21":{"start":{"line":21,"column":6},"end":{"line":21,"column":null}},"22":{"start":{"line":25,"column":26},"end":{"line":25,"column":null}},"23":{"start":{"line":26,"column":24},"end":{"line":26,"column":null}},"24":{"start":{"line":27,"column":23},"end":{"line":27,"column":null}},"25":{"start":{"line":29,"column":2},"end":{"line":105,"column":null}},"26":{"start":{"line":37,"column":27},"end":{"line":37,"column":null}},"27":{"start":{"line":38,"column":25},"end":{"line":38,"column":null}},"28":{"start":{"line":39,"column":30},"end":{"line":39,"column":null}},"29":{"start":{"line":41,"column":12},"end":{"line":53,"column":null}},"30":{"start":{"line":46,"column":31},"end":{"line":46,"column":null}},"31":{"start":{"line":68,"column":25},"end":{"line":68,"column":null}},"32":{"start":{"line":76,"column":25},"end":{"line":76,"column":null}},"33":{"start":{"line":84,"column":25},"end":{"line":84,"column":null}},"34":{"start":{"line":119,"column":20},"end":{"line":119,"column":null}},"35":{"start":{"line":121,"column":2},"end":{"line":126,"column":null}}},"fnMap":{"0":{"name":"Shop","decl":{"start":{"line":8,"column":16},"end":{"line":8,"column":23}},"loc":{"start":{"line":8,"column":23},"end":{"line":107,"column":null}},"line":8},"1":{"name":"(anonymous_1)","decl":{"start":{"line":9,"column":29},"end":{"line":9,"column":30}},"loc":{"start":{"line":9,"column":40},"end":{"line":9,"column":51}},"line":9},"2":{"name":"(anonymous_2)","decl":{"start":{"line":10,"column":33},"end":{"line":10,"column":34}},"loc":{"start":{"line":10,"column":44},"end":{"line":10,"column":59}},"line":10},"3":{"name":"(anonymous_3)","decl":{"start":{"line":11,"column":36},"end":{"line":11,"column":37}},"loc":{"start":{"line":11,"column":47},"end":{"line":11,"column":65}},"line":11},"4":{"name":"(anonymous_4)","decl":{"start":{"line":12,"column":36},"end":{"line":12,"column":37}},"loc":{"start":{"line":12,"column":47},"end":{"line":12,"column":65}},"line":12},"5":{"name":"(anonymous_5)","decl":{"start":{"line":13,"column":37},"end":{"line":13,"column":38}},"loc":{"start":{"line":13,"column":48},"end":{"line":13,"column":67}},"line":13},"6":{"name":"(anonymous_6)","decl":{"start":{"line":14,"column":35},"end":{"line":14,"column":36}},"loc":{"start":{"line":14,"column":46},"end":{"line":14,"column":63}},"line":14},"7":{"name":"(anonymous_7)","decl":{"start":{"line":15,"column":31},"end":{"line":15,"column":32}},"loc":{"start":{"line":15,"column":42},"end":{"line":15,"column":55}},"line":15},"8":{"name":"(anonymous_8)","decl":{"start":{"line":16,"column":34},"end":{"line":16,"column":35}},"loc":{"start":{"line":16,"column":45},"end":{"line":16,"column":61}},"line":16},"9":{"name":"(anonymous_9)","decl":{"start":{"line":17,"column":32},"end":{"line":17,"column":33}},"loc":{"start":{"line":17,"column":43},"end":{"line":17,"column":57}},"line":17},"10":{"name":"(anonymous_10)","decl":{"start":{"line":19,"column":25},"end":{"line":19,"column":31}},"loc":{"start":{"line":19,"column":31},"end":{"line":23,"column":null}},"line":19},"11":{"name":"(anonymous_11)","decl":{"start":{"line":36,"column":25},"end":{"line":36,"column":26}},"loc":{"start":{"line":36,"column":35},"end":{"line":55,"column":11}},"line":36},"12":{"name":"(anonymous_12)","decl":{"start":{"line":46,"column":25},"end":{"line":46,"column":31}},"loc":{"start":{"line":46,"column":31},"end":{"line":46,"column":null}},"line":46},"13":{"name":"(anonymous_13)","decl":{"start":{"line":68,"column":19},"end":{"line":68,"column":25}},"loc":{"start":{"line":68,"column":25},"end":{"line":68,"column":null}},"line":68},"14":{"name":"(anonymous_14)","decl":{"start":{"line":76,"column":19},"end":{"line":76,"column":25}},"loc":{"start":{"line":76,"column":25},"end":{"line":76,"column":null}},"line":76},"15":{"name":"(anonymous_15)","decl":{"start":{"line":84,"column":19},"end":{"line":84,"column":25}},"loc":{"start":{"line":84,"column":25},"end":{"line":84,"column":null}},"line":84},"16":{"name":"UpgradeButton","decl":{"start":{"line":118,"column":9},"end":{"line":118,"column":23}},"loc":{"start":{"line":118,"column":86},"end":{"line":128,"column":null}},"line":118}},"branchMap":{"0":{"loc":{"start":{"line":20,"column":4},"end":{"line":22,"column":null}},"type":"if","locations":[{"start":{"line":20,"column":4},"end":{"line":22,"column":null}},{"start":{},"end":{}}],"line":20},"1":{"loc":{"start":{"line":99,"column":13},"end":{"line":101,"column":null}},"type":"cond-expr","locations":[{"start":{"line":100,"column":16},"end":{"line":100,"column":null}},{"start":{"line":101,"column":16},"end":{"line":101,"column":null}}],"line":99}},"s":{"0":2,"1":28,"2":88,"3":28,"4":88,"5":28,"6":88,"7":28,"8":88,"9":28,"10":88,"11":28,"12":88,"13":28,"14":88,"15":28,"16":88,"17":28,"18":88,"19":28,"20":2,"21":1,"22":28,"23":28,"24":28,"25":28,"26":168,"27":168,"28":168,"29":168,"30":2,"31":1,"32":0,"33":0,"34":84,"35":84},"f":{"0":28,"1":88,"2":88,"3":88,"4":88,"5":88,"6":88,"7":88,"8":88,"9":88,"10":2,"11":168,"12":2,"13":1,"14":0,"15":0,"16":84},"b":{"0":[1,1],"1":[4,24]},"meta":{"lastBranch":2,"lastFunction":17,"lastStatement":36,"seen":{"s:5:30:5:Infinity":0,"f:8:16:8:23":0,"s:9:8:9:Infinity":1,"f:9:29:9:30":1,"s:9:40:9:51":2,"s:10:8:10:Infinity":3,"f:10:33:10:34":2,"s:10:44:10:59":4,"s:11:8:11:Infinity":5,"f:11:36:11:37":3,"s:11:47:11:65":6,"s:12:8:12:Infinity":7,"f:12:36:12:37":4,"s:12:47:12:65":8,"s:13:8:13:Infinity":9,"f:13:37:13:38":5,"s:13:48:13:67":10,"s:14:8:14:Infinity":11,"f:14:35:14:36":6,"s:14:46:14:63":12,"s:15:8:15:Infinity":13,"f:15:31:15:32":7,"s:15:42:15:55":14,"s:16:8:16:Infinity":15,"f:16:34:16:35":8,"s:16:45:16:61":16,"s:17:8:17:Infinity":17,"f:17:32:17:33":9,"s:17:43:17:57":18,"s:19:25:23:Infinity":19,"f:19:25:19:31":10,"b:20:4:22:Infinity:undefined:undefined:undefined:undefined":0,"s:20:4:22:Infinity":20,"s:21:6:21:Infinity":21,"s:25:26:25:Infinity":22,"s:26:24:26:Infinity":23,"s:27:23:27:Infinity":24,"s:29:2:105:Infinity":25,"f:36:25:36:26":11,"s:37:27:37:Infinity":26,"s:38:25:38:Infinity":27,"s:39:30:39:Infinity":28,"s:41:12:53:Infinity":29,"f:46:25:46:31":12,"s:46:31:46:Infinity":30,"f:68:19:68:25":13,"s:68:25:68:Infinity":31,"f:76:19:76:25":14,"s:76:25:76:Infinity":32,"f:84:19:84:25":15,"s:84:25:84:Infinity":33,"b:100:16:100:Infinity:101:16:101:Infinity":1,"f:118:9:118:23":16,"s:119:20:119:Infinity":34,"s:121:2:126:Infinity":35}}}
,"F:\\GitHub\\vibe-idle-bricks\\src\\components\\Stats.tsx": {"path":"F:\\GitHub\\vibe-idle-bricks\\src\\components\\Stats.tsx","statementMap":{"0":{"start":{"line":5,"column":8},"end":{"line":5,"column":null}},"1":{"start":{"line":5,"column":40},"end":{"line":5,"column":51}},"2":{"start":{"line":6,"column":8},"end":{"line":6,"column":null}},"3":{"start":{"line":6,"column":47},"end":{"line":6,"column":65}},"4":{"start":{"line":7,"column":8},"end":{"line":7,"column":null}},"5":{"start":{"line":7,"column":52},"end":{"line":7,"column":75}},"6":{"start":{"line":8,"column":8},"end":{"line":8,"column":null}},"7":{"start":{"line":8,"column":40},"end":{"line":8,"column":51}},"8":{"start":{"line":10,"column":2},"end":{"line":28,"column":null}}},"fnMap":{"0":{"name":"Stats","decl":{"start":{"line":4,"column":16},"end":{"line":4,"column":24}},"loc":{"start":{"line":4,"column":24},"end":{"line":30,"column":null}},"line":4},"1":{"name":"(anonymous_1)","decl":{"start":{"line":5,"column":29},"end":{"line":5,"column":30}},"loc":{"start":{"line":5,"column":40},"end":{"line":5,"column":51}},"line":5},"2":{"name":"(anonymous_2)","decl":{"start":{"line":6,"column":36},"end":{"line":6,"column":37}},"loc":{"start":{"line":6,"column":47},"end":{"line":6,"column":65}},"line":6},"3":{"name":"(anonymous_3)","decl":{"start":{"line":7,"column":41},"end":{"line":7,"column":42}},"loc":{"start":{"line":7,"column":52},"end":{"line":7,"column":75}},"line":7},"4":{"name":"(anonymous_4)","decl":{"start":{"line":8,"column":29},"end":{"line":8,"column":30}},"loc":{"start":{"line":8,"column":40},"end":{"line":8,"column":51}},"line":8}},"branchMap":{},"s":{"0":11,"1":34,"2":11,"3":34,"4":11,"5":34,"6":11,"7":34,"8":11},"f":{"0":11,"1":34,"2":34,"3":34,"4":34},"b":{},"meta":{"lastBranch":0,"lastFunction":5,"lastStatement":9,"seen":{"f:4:16:4:24":0,"s:5:8:5:Infinity":0,"f:5:29:5:30":1,"s:5:40:5:51":1,"s:6:8:6:Infinity":2,"f:6:36:6:37":2,"s:6:47:6:65":3,"s:7:8:7:Infinity":4,"f:7:41:7:42":3,"s:7:52:7:75":5,"s:8:8:8:Infinity":6,"f:8:29:8:30":4,"s:8:40:8:51":7,"s:10:2:28:Infinity":8}}}
,"F:\\GitHub\\vibe-idle-bricks\\src\\game\\GameScene.ts": {"path":"F:\\GitHub\\vibe-idle-bricks\\src\\game\\GameScene.ts","statementMap":{"0":{"start":{"line":9,"column":67},"end":{"line":9,"column":null}},"1":{"start":{"line":10,"column":68},"end":{"line":10,"column":null}},"2":{"start":{"line":11,"column":61},"end":{"line":11,"column":null}},"3":{"start":{"line":14,"column":45},"end":{"line":14,"column":null}},"4":{"start":{"line":17,"column":4},"end":{"line":17,"column":null}},"5":{"start":{"line":22,"column":4},"end":{"line":22,"column":null}},"6":{"start":{"line":23,"column":4},"end":{"line":23,"column":null}},"7":{"start":{"line":26,"column":4},"end":{"line":26,"column":null}},"8":{"start":{"line":29,"column":18},"end":{"line":29,"column":null}},"9":{"start":{"line":30,"column":4},"end":{"line":30,"column":null}},"10":{"start":{"line":33,"column":26},"end":{"line":33,"column":null}},"11":{"start":{"line":34,"column":4},"end":{"line":34,"column":null}},"12":{"start":{"line":37,"column":4},"end":{"line":37,"column":null}},"13":{"start":{"line":40,"column":4},"end":{"line":44,"column":null}},"14":{"start":{"line":42,"column":22},"end":{"line":42,"column":null}},"15":{"start":{"line":47,"column":4},"end":{"line":47,"column":null}},"16":{"start":{"line":51,"column":4},"end":{"line":51,"column":null}},"17":{"start":{"line":52,"column":4},"end":{"line":52,"column":null}},"18":{"start":{"line":56,"column":30},"end":{"line":56,"column":null}},"19":{"start":{"line":57,"column":4},"end":{"line":57,"column":null}},"20":{"start":{"line":60,"column":4},"end":{"line":60,"column":null}},"21":{"start":{"line":61,"column":4},"end":{"line":61,"column":null}},"22":{"start":{"line":64,"column":4},"end":{"line":64,"column":null}},"23":{"start":{"line":66,"column":4},"end":{"line":71,"column":null}},"24":{"start":{"line":66,"column":17},"end":{"line":66,"column":20}},"25":{"start":{"line":67,"column":6},"end":{"line":67,"column":null}},"26":{"start":{"line":68,"column":6},"end":{"line":68,"column":null}},"27":{"start":{"line":69,"column":6},"end":{"line":69,"column":null}},"28":{"start":{"line":70,"column":6},"end":{"line":70,"column":null}},"29":{"start":{"line":73,"column":4},"end":{"line":78,"column":null}},"30":{"start":{"line":73,"column":17},"end":{"line":73,"column":20}},"31":{"start":{"line":74,"column":6},"end":{"line":74,"column":null}},"32":{"start":{"line":75,"column":6},"end":{"line":75,"column":null}},"33":{"start":{"line":76,"column":6},"end":{"line":76,"column":null}},"34":{"start":{"line":77,"column":6},"end":{"line":77,"column":null}},"35":{"start":{"line":82,"column":18},"end":{"line":82,"column":null}},"36":{"start":{"line":83,"column":4},"end":{"line":83,"column":null}},"37":{"start":{"line":83,"column":24},"end":{"line":83,"column":null}},"38":{"start":{"line":86,"column":4},"end":{"line":86,"column":null}},"39":{"start":{"line":89,"column":4},"end":{"line":89,"column":null}},"40":{"start":{"line":92,"column":4},"end":{"line":100,"column":null}},"41":{"start":{"line":93,"column":24},"end":{"line":96,"column":null}},"42":{"start":{"line":97,"column":6},"end":{"line":99,"column":null}},"43":{"start":{"line":98,"column":8},"end":{"line":98,"column":null}},"44":{"start":{"line":103,"column":4},"end":{"line":103,"column":null}},"45":{"start":{"line":104,"column":4},"end":{"line":104,"column":null}},"46":{"start":{"line":105,"column":4},"end":{"line":105,"column":null}},"47":{"start":{"line":109,"column":18},"end":{"line":109,"column":null}},"48":{"start":{"line":110,"column":30},"end":{"line":110,"column":null}},"49":{"start":{"line":111,"column":22},"end":{"line":111,"column":null}},"50":{"start":{"line":112,"column":23},"end":{"line":112,"column":null}},"51":{"start":{"line":113,"column":21},"end":{"line":113,"column":null}},"52":{"start":{"line":115,"column":37},"end":{"line":115,"column":null}},"53":{"start":{"line":117,"column":4},"end":{"line":170,"column":null}},"54":{"start":{"line":118,"column":21},"end":{"line":118,"column":null}},"55":{"start":{"line":119,"column":26},"end":{"line":119,"column":null}},"56":{"start":{"line":122,"column":27},"end":{"line":122,"column":null}},"57":{"start":{"line":123,"column":15},"end":{"line":123,"column":null}},"58":{"start":{"line":124,"column":15},"end":{"line":124,"column":null}},"59":{"start":{"line":126,"column":6},"end":{"line":129,"column":null}},"60":{"start":{"line":127,"column":8},"end":{"line":127,"column":null}},"61":{"start":{"line":128,"column":8},"end":{"line":128,"column":null}},"62":{"start":{"line":132,"column":6},"end":{"line":136,"column":null}},"63":{"start":{"line":133,"column":31},"end":{"line":133,"column":null}},"64":{"start":{"line":134,"column":8},"end":{"line":134,"column":null}},"65":{"start":{"line":135,"column":8},"end":{"line":135,"column":null}},"66":{"start":{"line":139,"column":14},"end":{"line":139,"column":null}},"67":{"start":{"line":140,"column":14},"end":{"line":140,"column":null}},"68":{"start":{"line":143,"column":6},"end":{"line":146,"column":null}},"69":{"start":{"line":144,"column":8},"end":{"line":144,"column":null}},"70":{"start":{"line":145,"column":8},"end":{"line":145,"column":null}},"71":{"start":{"line":147,"column":6},"end":{"line":150,"column":null}},"72":{"start":{"line":148,"column":8},"end":{"line":148,"column":null}},"73":{"start":{"line":149,"column":8},"end":{"line":149,"column":null}},"74":{"start":{"line":151,"column":6},"end":{"line":154,"column":null}},"75":{"start":{"line":152,"column":8},"end":{"line":152,"column":null}},"76":{"start":{"line":153,"column":8},"end":{"line":153,"column":null}},"77":{"start":{"line":155,"column":6},"end":{"line":158,"column":null}},"78":{"start":{"line":156,"column":8},"end":{"line":156,"column":null}},"79":{"start":{"line":157,"column":8},"end":{"line":157,"column":null}},"80":{"start":{"line":161,"column":34},"end":{"line":161,"column":null}},"81":{"start":{"line":164,"column":27},"end":{"line":164,"column":null}},"82":{"start":{"line":165,"column":6},"end":{"line":167,"column":null}},"83":{"start":{"line":166,"column":8},"end":{"line":166,"column":null}},"84":{"start":{"line":169,"column":6},"end":{"line":169,"column":null}},"85":{"start":{"line":173,"column":4},"end":{"line":173,"column":null}},"86":{"start":{"line":182,"column":36},"end":{"line":182,"column":null}},"87":{"start":{"line":183,"column":20},"end":{"line":183,"column":null}},"88":{"start":{"line":185,"column":4},"end":{"line":190,"column":null}},"89":{"start":{"line":186,"column":6},"end":{"line":189,"column":null}},"90":{"start":{"line":187,"column":8},"end":{"line":187,"column":null}},"91":{"start":{"line":188,"column":8},"end":{"line":188,"column":null}},"92":{"start":{"line":192,"column":4},"end":{"line":206,"column":null}},"93":{"start":{"line":193,"column":22},"end":{"line":193,"column":null}},"94":{"start":{"line":194,"column":22},"end":{"line":194,"column":null}},"95":{"start":{"line":195,"column":21},"end":{"line":195,"column":null}},"96":{"start":{"line":196,"column":21},"end":{"line":196,"column":null}},"97":{"start":{"line":197,"column":19},"end":{"line":197,"column":null}},"98":{"start":{"line":199,"column":6},"end":{"line":205,"column":null}},"99":{"start":{"line":200,"column":30},"end":{"line":200,"column":null}},"100":{"start":{"line":201,"column":8},"end":{"line":204,"column":null}},"101":{"start":{"line":208,"column":4},"end":{"line":208,"column":null}},"102":{"start":{"line":217,"column":18},"end":{"line":217,"column":null}},"103":{"start":{"line":218,"column":25},"end":{"line":218,"column":null}},"104":{"start":{"line":220,"column":4},"end":{"line":239,"column":null}},"105":{"start":{"line":221,"column":6},"end":{"line":238,"column":null}},"106":{"start":{"line":222,"column":23},"end":{"line":222,"column":null}},"107":{"start":{"line":224,"column":8},"end":{"line":227,"column":null}},"108":{"start":{"line":225,"column":10},"end":{"line":225,"column":null}},"109":{"start":{"line":226,"column":10},"end":{"line":226,"column":null}},"110":{"start":{"line":230,"column":8},"end":{"line":232,"column":null}},"111":{"start":{"line":231,"column":10},"end":{"line":231,"column":null}},"112":{"start":{"line":235,"column":8},"end":{"line":237,"column":null}},"113":{"start":{"line":236,"column":10},"end":{"line":236,"column":null}},"114":{"start":{"line":240,"column":4},"end":{"line":240,"column":null}},"115":{"start":{"line":244,"column":21},"end":{"line":244,"column":null}},"116":{"start":{"line":245,"column":21},"end":{"line":245,"column":null}},"117":{"start":{"line":246,"column":18},"end":{"line":246,"column":null}},"118":{"start":{"line":247,"column":18},"end":{"line":247,"column":null}},"119":{"start":{"line":248,"column":4},"end":{"line":248,"column":null}},"120":{"start":{"line":252,"column":25},"end":{"line":252,"column":null}},"121":{"start":{"line":253,"column":25},"end":{"line":253,"column":null}},"122":{"start":{"line":254,"column":19},"end":{"line":254,"column":null}},"123":{"start":{"line":255,"column":19},"end":{"line":255,"column":null}},"124":{"start":{"line":257,"column":24},"end":{"line":257,"column":null}},"125":{"start":{"line":258,"column":24},"end":{"line":258,"column":null}},"126":{"start":{"line":260,"column":4},"end":{"line":264,"column":null}},"127":{"start":{"line":261,"column":6},"end":{"line":261,"column":null}},"128":{"start":{"line":263,"column":6},"end":{"line":263,"column":null}},"129":{"start":{"line":268,"column":18},"end":{"line":268,"column":null}},"130":{"start":{"line":269,"column":28},"end":{"line":269,"column":null}},"131":{"start":{"line":271,"column":4},"end":{"line":285,"column":null}},"132":{"start":{"line":272,"column":27},"end":{"line":272,"column":null}},"133":{"start":{"line":273,"column":27},"end":{"line":273,"column":null}},"134":{"start":{"line":274,"column":19},"end":{"line":276,"column":null}},"135":{"start":{"line":278,"column":6},"end":{"line":284,"column":null}},"136":{"start":{"line":279,"column":23},"end":{"line":279,"column":null}},"137":{"start":{"line":280,"column":8},"end":{"line":283,"column":null}},"138":{"start":{"line":281,"column":10},"end":{"line":281,"column":null}},"139":{"start":{"line":282,"column":10},"end":{"line":282,"column":null}},"140":{"start":{"line":287,"column":4},"end":{"line":287,"column":null}},"141":{"start":{"line":292,"column":23},"end":{"line":292,"column":null}},"142":{"start":{"line":292,"column":48},"end":{"line":292,"column":52}},"143":{"start":{"line":293,"column":4},"end":{"line":298,"column":null}},"144":{"start":{"line":294,"column":6},"end":{"line":297,"column":null}},"145":{"start":{"line":295,"column":8},"end":{"line":295,"column":null}},"146":{"start":{"line":296,"column":8},"end":{"line":296,"column":null}},"147":{"start":{"line":301,"column":4},"end":{"line":323,"column":null}},"148":{"start":{"line":302,"column":21},"end":{"line":302,"column":null}},"149":{"start":{"line":303,"column":6},"end":{"line":306,"column":null}},"150":{"start":{"line":304,"column":8},"end":{"line":304,"column":null}},"151":{"start":{"line":305,"column":8},"end":{"line":305,"column":null}},"152":{"start":{"line":308,"column":6},"end":{"line":308,"column":null}},"153":{"start":{"line":309,"column":21},"end":{"line":309,"column":null}},"154":{"start":{"line":310,"column":20},"end":{"line":310,"column":null}},"155":{"start":{"line":313,"column":6},"end":{"line":313,"column":null}},"156":{"start":{"line":314,"column":6},"end":{"line":314,"column":null}},"157":{"start":{"line":317,"column":6},"end":{"line":317,"column":null}},"158":{"start":{"line":318,"column":6},"end":{"line":318,"column":null}},"159":{"start":{"line":321,"column":6},"end":{"line":321,"column":null}},"160":{"start":{"line":322,"column":6},"end":{"line":322,"column":null}},"161":{"start":{"line":328,"column":23},"end":{"line":328,"column":null}},"162":{"start":{"line":328,"column":49},"end":{"line":328,"column":53}},"163":{"start":{"line":329,"column":4},"end":{"line":334,"column":null}},"164":{"start":{"line":330,"column":6},"end":{"line":333,"column":null}},"165":{"start":{"line":331,"column":8},"end":{"line":331,"column":null}},"166":{"start":{"line":332,"column":8},"end":{"line":332,"column":null}},"167":{"start":{"line":337,"column":4},"end":{"line":386,"column":null}},"168":{"start":{"line":338,"column":21},"end":{"line":338,"column":null}},"169":{"start":{"line":339,"column":6},"end":{"line":342,"column":null}},"170":{"start":{"line":340,"column":8},"end":{"line":340,"column":null}},"171":{"start":{"line":341,"column":8},"end":{"line":341,"column":null}},"172":{"start":{"line":344,"column":6},"end":{"line":344,"column":null}},"173":{"start":{"line":345,"column":12},"end":{"line":345,"column":null}},"174":{"start":{"line":346,"column":23},"end":{"line":346,"column":null}},"175":{"start":{"line":347,"column":28},"end":{"line":347,"column":null}},"176":{"start":{"line":350,"column":6},"end":{"line":350,"column":null}},"177":{"start":{"line":351,"column":6},"end":{"line":351,"column":null}},"178":{"start":{"line":354,"column":6},"end":{"line":354,"column":null}},"179":{"start":{"line":355,"column":6},"end":{"line":355,"column":null}},"180":{"start":{"line":358,"column":26},"end":{"line":360,"column":null}},"181":{"start":{"line":361,"column":6},"end":{"line":361,"column":null}},"182":{"start":{"line":362,"column":6},"end":{"line":362,"column":null}},"183":{"start":{"line":365,"column":6},"end":{"line":368,"column":null}},"184":{"start":{"line":366,"column":8},"end":{"line":366,"column":null}},"185":{"start":{"line":367,"column":8},"end":{"line":367,"column":null}},"186":{"start":{"line":371,"column":6},"end":{"line":385,"column":null}},"187":{"start":{"line":372,"column":21},"end":{"line":381,"column":null}},"188":{"start":{"line":382,"column":8},"end":{"line":382,"column":null}},"189":{"start":{"line":384,"column":8},"end":{"line":384,"column":null}},"190":{"start":{"line":384,"column":40},"end":{"line":384,"column":54}},"191":{"start":{"line":391,"column":4},"end":{"line":393,"column":null}},"192":{"start":{"line":392,"column":6},"end":{"line":392,"column":null}},"193":{"start":{"line":394,"column":4},"end":{"line":394,"column":null}},"194":{"start":{"line":396,"column":23},"end":{"line":396,"column":null}},"195":{"start":{"line":398,"column":4},"end":{"line":411,"column":null}},"196":{"start":{"line":399,"column":23},"end":{"line":399,"column":null}},"197":{"start":{"line":400,"column":23},"end":{"line":400,"column":null}},"198":{"start":{"line":401,"column":21},"end":{"line":401,"column":null}},"199":{"start":{"line":402,"column":20},"end":{"line":402,"column":null}},"200":{"start":{"line":405,"column":6},"end":{"line":405,"column":null}},"201":{"start":{"line":406,"column":6},"end":{"line":406,"column":null}},"202":{"start":{"line":407,"column":6},"end":{"line":407,"column":null}},"203":{"start":{"line":408,"column":6},"end":{"line":408,"column":null}},"204":{"start":{"line":410,"column":6},"end":{"line":410,"column":null}},"205":{"start":{"line":415,"column":4},"end":{"line":417,"column":null}},"206":{"start":{"line":416,"column":6},"end":{"line":416,"column":null}},"207":{"start":{"line":418,"column":4},"end":{"line":418,"column":null}},"208":{"start":{"line":424,"column":23},"end":{"line":424,"column":null}},"209":{"start":{"line":425,"column":24},"end":{"line":425,"column":null}},"210":{"start":{"line":426,"column":20},"end":{"line":426,"column":null}},"211":{"start":{"line":427,"column":22},"end":{"line":427,"column":null}},"212":{"start":{"line":428,"column":23},"end":{"line":428,"column":null}},"213":{"start":{"line":431,"column":4},"end":{"line":431,"column":null}},"214":{"start":{"line":435,"column":22},"end":{"line":435,"column":null}},"215":{"start":{"line":436,"column":32},"end":{"line":436,"column":null}},"216":{"start":{"line":437,"column":17},"end":{"line":439,"column":null}},"217":{"start":{"line":440,"column":17},"end":{"line":440,"column":null}},"218":{"start":{"line":442,"column":18},"end":{"line":442,"column":null}},"219":{"start":{"line":444,"column":4},"end":{"line":467,"column":null}},"220":{"start":{"line":444,"column":19},"end":{"line":444,"column":22}},"221":{"start":{"line":445,"column":6},"end":{"line":466,"column":null}},"222":{"start":{"line":445,"column":21},"end":{"line":445,"column":24}},"223":{"start":{"line":446,"column":18},"end":{"line":446,"column":null}},"224":{"start":{"line":447,"column":18},"end":{"line":447,"column":null}},"225":{"start":{"line":449,"column":30},"end":{"line":449,"column":null}},"226":{"start":{"line":450,"column":21},"end":{"line":450,"column":null}},"227":{"start":{"line":452,"column":26},"end":{"line":452,"column":null}},"228":{"start":{"line":454,"column":8},"end":{"line":464,"column":null}},"229":{"start":{"line":465,"column":8},"end":{"line":465,"column":null}},"230":{"start":{"line":469,"column":4},"end":{"line":469,"column":null}},"231":{"start":{"line":473,"column":30},"end":{"line":473,"column":null}},"232":{"start":{"line":474,"column":17},"end":{"line":476,"column":null}},"233":{"start":{"line":477,"column":20},"end":{"line":479,"column":null}},"234":{"start":{"line":480,"column":22},"end":{"line":480,"column":null}},"235":{"start":{"line":482,"column":24},"end":{"line":482,"column":null}},"236":{"start":{"line":483,"column":4},"end":{"line":483,"column":null}},"237":{"start":{"line":483,"column":26},"end":{"line":483,"column":null}},"238":{"start":{"line":485,"column":21},"end":{"line":485,"column":null}},"239":{"start":{"line":486,"column":4},"end":{"line":494,"column":null}},"240":{"start":{"line":487,"column":18},"end":{"line":489,"column":null}},"241":{"start":{"line":490,"column":18},"end":{"line":492,"column":null}},"242":{"start":{"line":493,"column":6},"end":{"line":493,"column":null}},"243":{"start":{"line":496,"column":35},"end":{"line":496,"column":null}},"244":{"start":{"line":498,"column":4},"end":{"line":522,"column":null}},"245":{"start":{"line":498,"column":19},"end":{"line":498,"column":22}},"246":{"start":{"line":499,"column":6},"end":{"line":521,"column":null}},"247":{"start":{"line":499,"column":21},"end":{"line":499,"column":24}},"248":{"start":{"line":500,"column":8},"end":{"line":520,"column":null}},"249":{"start":{"line":501,"column":20},"end":{"line":501,"column":null}},"250":{"start":{"line":502,"column":20},"end":{"line":502,"column":null}},"251":{"start":{"line":504,"column":32},"end":{"line":504,"column":null}},"252":{"start":{"line":505,"column":23},"end":{"line":505,"column":null}},"253":{"start":{"line":507,"column":28},"end":{"line":507,"column":null}},"254":{"start":{"line":509,"column":10},"end":{"line":519,"column":null}},"255":{"start":{"line":524,"column":4},"end":{"line":524,"column":null}}},"fnMap":{"0":{"name":"(anonymous_0)","decl":{"start":{"line":16,"column":2},"end":{"line":16,"column":16}},"loc":{"start":{"line":16,"column":16},"end":{"line":18,"column":null}},"line":16},"1":{"name":"(anonymous_1)","decl":{"start":{"line":20,"column":2},"end":{"line":20,"column":11}},"loc":{"start":{"line":20,"column":11},"end":{"line":48,"column":null}},"line":20},"2":{"name":"(anonymous_2)","decl":{"start":{"line":42,"column":16},"end":{"line":42,"column":22}},"loc":{"start":{"line":42,"column":22},"end":{"line":42,"column":null}},"line":42},"3":{"name":"(anonymous_3)","decl":{"start":{"line":50,"column":2},"end":{"line":50,"column":15}},"loc":{"start":{"line":50,"column":46},"end":{"line":53,"column":null}},"line":50},"4":{"name":"(anonymous_4)","decl":{"start":{"line":55,"column":2},"end":{"line":55,"column":19}},"loc":{"start":{"line":55,"column":19},"end":{"line":79,"column":null}},"line":55},"5":{"name":"(anonymous_5)","decl":{"start":{"line":81,"column":2},"end":{"line":81,"column":9}},"loc":{"start":{"line":81,"column":39},"end":{"line":106,"column":null}},"line":81},"6":{"name":"(anonymous_6)","decl":{"start":{"line":108,"column":2},"end":{"line":108,"column":14}},"loc":{"start":{"line":108,"column":29},"end":{"line":174,"column":null}},"line":108},"7":{"name":"(anonymous_7)","decl":{"start":{"line":176,"column":2},"end":{"line":176,"column":null}},"loc":{"start":{"line":181,"column":22},"end":{"line":209,"column":null}},"line":181},"8":{"name":"(anonymous_8)","decl":{"start":{"line":211,"column":2},"end":{"line":211,"column":null}},"loc":{"start":{"line":216,"column":39},"end":{"line":241,"column":null}},"line":216},"9":{"name":"(anonymous_9)","decl":{"start":{"line":243,"column":2},"end":{"line":243,"column":24}},"loc":{"start":{"line":243,"column":67},"end":{"line":249,"column":null}},"line":243},"10":{"name":"(anonymous_10)","decl":{"start":{"line":251,"column":2},"end":{"line":251,"column":18}},"loc":{"start":{"line":251,"column":80},"end":{"line":265,"column":null}},"line":251},"11":{"name":"(anonymous_11)","decl":{"start":{"line":267,"column":2},"end":{"line":267,"column":10}},"loc":{"start":{"line":267,"column":83},"end":{"line":288,"column":null}},"line":267},"12":{"name":"(anonymous_12)","decl":{"start":{"line":290,"column":2},"end":{"line":290,"column":14}},"loc":{"start":{"line":290,"column":33},"end":{"line":324,"column":null}},"line":290},"13":{"name":"(anonymous_13)","decl":{"start":{"line":292,"column":41},"end":{"line":292,"column":42}},"loc":{"start":{"line":292,"column":48},"end":{"line":292,"column":52}},"line":292},"14":{"name":"(anonymous_14)","decl":{"start":{"line":326,"column":2},"end":{"line":326,"column":15}},"loc":{"start":{"line":326,"column":36},"end":{"line":387,"column":null}},"line":326},"15":{"name":"(anonymous_15)","decl":{"start":{"line":328,"column":42},"end":{"line":328,"column":43}},"loc":{"start":{"line":328,"column":49},"end":{"line":328,"column":53}},"line":328},"16":{"name":"(anonymous_16)","decl":{"start":{"line":384,"column":34},"end":{"line":384,"column":40}},"loc":{"start":{"line":384,"column":40},"end":{"line":384,"column":54}},"line":384},"17":{"name":"(anonymous_17)","decl":{"start":{"line":389,"column":2},"end":{"line":389,"column":21}},"loc":{"start":{"line":389,"column":21},"end":{"line":412,"column":null}},"line":389},"18":{"name":"(anonymous_18)","decl":{"start":{"line":414,"column":2},"end":{"line":414,"column":13}},"loc":{"start":{"line":414,"column":13},"end":{"line":419,"column":null}},"line":414},"19":{"name":"(anonymous_19)","decl":{"start":{"line":430,"column":2},"end":{"line":430,"column":14}},"loc":{"start":{"line":430,"column":32},"end":{"line":432,"column":null}},"line":430},"20":{"name":"(anonymous_20)","decl":{"start":{"line":434,"column":2},"end":{"line":434,"column":17}},"loc":{"start":{"line":434,"column":63},"end":{"line":470,"column":null}},"line":434},"21":{"name":"(anonymous_21)","decl":{"start":{"line":472,"column":2},"end":{"line":472,"column":24}},"loc":{"start":{"line":472,"column":83},"end":{"line":525,"column":null}},"line":472}},"branchMap":{"0":{"loc":{"start":{"line":83,"column":4},"end":{"line":83,"column":null}},"type":"if","locations":[{"start":{"line":83,"column":4},"end":{"line":83,"column":null}},{"start":{},"end":{}}],"line":83},"1":{"loc":{"start":{"line":92,"column":4},"end":{"line":100,"column":null}},"type":"if","locations":[{"start":{"line":92,"column":4},"end":{"line":100,"column":null}},{"start":{},"end":{}}],"line":92},"2":{"loc":{"start":{"line":97,"column":6},"end":{"line":99,"column":null}},"type":"if","locations":[{"start":{"line":97,"column":6},"end":{"line":99,"column":null}},{"start":{},"end":{}}],"line":97},"3":{"loc":{"start":{"line":126,"column":6},"end":{"line":129,"column":null}},"type":"if","locations":[{"start":{"line":126,"column":6},"end":{"line":129,"column":null}},{"start":{},"end":{}}],"line":126},"4":{"loc":{"start":{"line":132,"column":6},"end":{"line":136,"column":null}},"type":"if","locations":[{"start":{"line":132,"column":6},"end":{"line":136,"column":null}},{"start":{},"end":{}}],"line":132},"5":{"loc":{"start":{"line":132,"column":10},"end":{"line":132,"column":55}},"type":"binary-expr","locations":[{"start":{"line":132,"column":10},"end":{"line":132,"column":30}},{"start":{"line":132,"column":30},"end":{"line":132,"column":55}}],"line":132},"6":{"loc":{"start":{"line":143,"column":6},"end":{"line":146,"column":null}},"type":"if","locations":[{"start":{"line":143,"column":6},"end":{"line":146,"column":null}},{"start":{},"end":{}}],"line":143},"7":{"loc":{"start":{"line":147,"column":6},"end":{"line":150,"column":null}},"type":"if","locations":[{"start":{"line":147,"column":6},"end":{"line":150,"column":null}},{"start":{},"end":{}}],"line":147},"8":{"loc":{"start":{"line":151,"column":6},"end":{"line":154,"column":null}},"type":"if","locations":[{"start":{"line":151,"column":6},"end":{"line":154,"column":null}},{"start":{},"end":{}}],"line":151},"9":{"loc":{"start":{"line":155,"column":6},"end":{"line":158,"column":null}},"type":"if","locations":[{"start":{"line":155,"column":6},"end":{"line":158,"column":null}},{"start":{},"end":{}}],"line":155},"10":{"loc":{"start":{"line":165,"column":6},"end":{"line":167,"column":null}},"type":"if","locations":[{"start":{"line":165,"column":6},"end":{"line":167,"column":null}},{"start":{},"end":{}}],"line":165},"11":{"loc":{"start":{"line":186,"column":6},"end":{"line":189,"column":null}},"type":"if","locations":[{"start":{"line":186,"column":6},"end":{"line":189,"column":null}},{"start":{},"end":{}}],"line":186},"12":{"loc":{"start":{"line":192,"column":4},"end":{"line":206,"column":null}},"type":"if","locations":[{"start":{"line":192,"column":4},"end":{"line":206,"column":null}},{"start":{},"end":{}}],"line":192},"13":{"loc":{"start":{"line":199,"column":6},"end":{"line":205,"column":null}},"type":"if","locations":[{"start":{"line":199,"column":6},"end":{"line":205,"column":null}},{"start":{},"end":{}}],"line":199},"14":{"loc":{"start":{"line":221,"column":6},"end":{"line":238,"column":null}},"type":"if","locations":[{"start":{"line":221,"column":6},"end":{"line":238,"column":null}},{"start":{},"end":{}}],"line":221},"15":{"loc":{"start":{"line":224,"column":8},"end":{"line":227,"column":null}},"type":"if","locations":[{"start":{"line":224,"column":8},"end":{"line":227,"column":null}},{"start":{},"end":{}}],"line":224},"16":{"loc":{"start":{"line":230,"column":8},"end":{"line":232,"column":null}},"type":"if","locations":[{"start":{"line":230,"column":8},"end":{"line":232,"column":null}},{"start":{},"end":{}}],"line":230},"17":{"loc":{"start":{"line":230,"column":12},"end":{"line":230,"column":56}},"type":"binary-expr","locations":[{"start":{"line":230,"column":12},"end":{"line":230,"column":32}},{"start":{"line":230,"column":32},"end":{"line":230,"column":56}}],"line":230},"18":{"loc":{"start":{"line":235,"column":8},"end":{"line":237,"column":null}},"type":"if","locations":[{"start":{"line":235,"column":8},"end":{"line":237,"column":null}},{"start":{},"end":{}}],"line":235},"19":{"loc":{"start":{"line":260,"column":4},"end":{"line":264,"column":null}},"type":"if","locations":[{"start":{"line":260,"column":4},"end":{"line":264,"column":null}},{"start":{"line":262,"column":11},"end":{"line":264,"column":null}}],"line":260},"20":{"loc":{"start":{"line":278,"column":6},"end":{"line":284,"column":null}},"type":"if","locations":[{"start":{"line":278,"column":6},"end":{"line":284,"column":null}},{"start":{},"end":{}}],"line":278},"21":{"loc":{"start":{"line":280,"column":8},"end":{"line":283,"column":null}},"type":"if","locations":[{"start":{"line":280,"column":8},"end":{"line":283,"column":null}},{"start":{},"end":{}}],"line":280},"22":{"loc":{"start":{"line":294,"column":6},"end":{"line":297,"column":null}},"type":"if","locations":[{"start":{"line":294,"column":6},"end":{"line":297,"column":null}},{"start":{},"end":{}}],"line":294},"23":{"loc":{"start":{"line":303,"column":6},"end":{"line":306,"column":null}},"type":"if","locations":[{"start":{"line":303,"column":6},"end":{"line":306,"column":null}},{"start":{},"end":{}}],"line":303},"24":{"loc":{"start":{"line":330,"column":6},"end":{"line":333,"column":null}},"type":"if","locations":[{"start":{"line":330,"column":6},"end":{"line":333,"column":null}},{"start":{},"end":{}}],"line":330},"25":{"loc":{"start":{"line":339,"column":6},"end":{"line":342,"column":null}},"type":"if","locations":[{"start":{"line":339,"column":6},"end":{"line":342,"column":null}},{"start":{},"end":{}}],"line":339},"26":{"loc":{"start":{"line":365,"column":6},"end":{"line":368,"column":null}},"type":"if","locations":[{"start":{"line":365,"column":6},"end":{"line":368,"column":null}},{"start":{},"end":{}}],"line":365},"27":{"loc":{"start":{"line":371,"column":6},"end":{"line":385,"column":null}},"type":"if","locations":[{"start":{"line":371,"column":6},"end":{"line":385,"column":null}},{"start":{},"end":{}}],"line":371},"28":{"loc":{"start":{"line":415,"column":4},"end":{"line":417,"column":null}},"type":"if","locations":[{"start":{"line":415,"column":4},"end":{"line":417,"column":null}},{"start":{},"end":{}}],"line":415},"29":{"loc":{"start":{"line":444,"column":22},"end":{"line":444,"column":53}},"type":"binary-expr","locations":[{"start":{"line":444,"column":22},"end":{"line":444,"column":36}},{"start":{"line":444,"column":36},"end":{"line":444,"column":53}}],"line":444},"30":{"loc":{"start":{"line":445,"column":24},"end":{"line":445,"column":55}},"type":"binary-expr","locations":[{"start":{"line":445,"column":24},"end":{"line":445,"column":38}},{"start":{"line":445,"column":38},"end":{"line":445,"column":55}}],"line":445},"31":{"loc":{"start":{"line":483,"column":4},"end":{"line":483,"column":null}},"type":"if","locations":[{"start":{"line":483,"column":4},"end":{"line":483,"column":null}},{"start":{},"end":{}}],"line":483},"32":{"loc":{"start":{"line":498,"column":22},"end":{"line":498,"column":71}},"type":"binary-expr","locations":[{"start":{"line":498,"column":22},"end":{"line":498,"column":39}},{"start":{"line":498,"column":39},"end":{"line":498,"column":71}}],"line":498},"33":{"loc":{"start":{"line":499,"column":24},"end":{"line":499,"column":70}},"type":"binary-expr","locations":[{"start":{"line":499,"column":24},"end":{"line":499,"column":38}},{"start":{"line":499,"column":38},"end":{"line":499,"column":70}}],"line":499},"34":{"loc":{"start":{"line":500,"column":8},"end":{"line":520,"column":null}},"type":"if","locations":[{"start":{"line":500,"column":8},"end":{"line":520,"column":null}},{"start":{},"end":{}}],"line":500}},"s":{"0":0,"1":0,"2":0,"3":0,"4":0,"5":0,"6":0,"7":0,"8":0,"9":0,"10":0,"11":0,"12":0,"13":0,"14":0,"15":0,"16":0,"17":0,"18":0,"19":0,"20":0,"21":0,"22":0,"23":0,"24":0,"25":0,"26":0,"27":0,"28":0,"29":0,"30":0,"31":0,"32":0,"33":0,"34":0,"35":0,"36":0,"37":0,"38":0,"39":0,"40":0,"41":0,"42":0,"43":0,"44":0,"45":0,"46":0,"47":0,"48":0,"49":0,"50":0,"51":0,"52":0,"53":0,"54":0,"55":0,"56":0,"57":0,"58":0,"59":0,"60":0,"61":0,"62":0,"63":0,"64":0,"65":0,"66":0,"67":0,"68":0,"69":0,"70":0,"71":0,"72":0,"73":0,"74":0,"75":0,"76":0,"77":0,"78":0,"79":0,"80":0,"81":0,"82":0,"83":0,"84":0,"85":0,"86":0,"87":0,"88":0,"89":0,"90":0,"91":0,"92":0,"93":0,"94":0,"95":0,"96":0,"97":0,"98":0,"99":0,"100":0,"101":0,"102":0,"103":0,"104":0,"105":0,"106":0,"107":0,"108":0,"109":0,"110":0,"111":0,"112":0,"113":0,"114":0,"115":0,"116":0,"117":0,"118":0,"119":0,"120":0,"121":0,"122":0,"123":0,"124":0,"125":0,"126":0,"127":0,"128":0,"129":0,"130":0,"131":0,"132":0,"133":0,"134":0,"135":0,"136":0,"137":0,"138":0,"139":0,"140":0,"141":0,"142":0,"143":0,"144":0,"145":0,"146":0,"147":0,"148":0,"149":0,"150":0,"151":0,"152":0,"153":0,"154":0,"155":0,"156":0,"157":0,"158":0,"159":0,"160":0,"161":0,"162":0,"163":0,"164":0,"165":0,"166":0,"167":0,"168":0,"169":0,"170":0,"171":0,"172":0,"173":0,"174":0,"175":0,"176":0,"177":0,"178":0,"179":0,"180":0,"181":0,"182":0,"183":0,"184":0,"185":0,"186":0,"187":0,"188":0,"189":0,"190":0,"191":0,"192":0,"193":0,"194":0,"195":0,"196":0,"197":0,"198":0,"199":0,"200":0,"201":0,"202":0,"203":0,"204":0,"205":0,"206":0,"207":0,"208":0,"209":0,"210":0,"211":0,"212":0,"213":0,"214":0,"215":0,"216":0,"217":0,"218":0,"219":0,"220":0,"221":0,"222":0,"223":0,"224":0,"225":0,"226":0,"227":0,"228":0,"229":0,"230":0,"231":0,"232":0,"233":0,"234":0,"235":0,"236":0,"237":0,"238":0,"239":0,"240":0,"241":0,"242":0,"243":0,"244":0,"245":0,"246":0,"247":0,"248":0,"249":0,"250":0,"251":0,"252":0,"253":0,"254":0,"255":0},"f":{"0":0,"1":0,"2":0,"3":0,"4":0,"5":0,"6":0,"7":0,"8":0,"9":0,"10":0,"11":0,"12":0,"13":0,"14":0,"15":0,"16":0,"17":0,"18":0,"19":0,"20":0,"21":0},"b":{"0":[0,0],"1":[0,0],"2":[0,0],"3":[0,0],"4":[0,0],"5":[0,0],"6":[0,0],"7":[0,0],"8":[0,0],"9":[0,0],"10":[0,0],"11":[0,0],"12":[0,0],"13":[0,0],"14":[0,0],"15":[0,0],"16":[0,0],"17":[0,0],"18":[0,0],"19":[0,0],"20":[0,0],"21":[0,0],"22":[0,0],"23":[0,0],"24":[0,0],"25":[0,0],"26":[0,0],"27":[0,0],"28":[0,0],"29":[0,0],"30":[0,0],"31":[0,0],"32":[0,0],"33":[0,0],"34":[0,0]},"meta":{"lastBranch":35,"lastFunction":22,"lastStatement":256,"seen":{"s:9:67:9:Infinity":0,"s:10:68:10:Infinity":1,"s:11:61:11:Infinity":2,"s:14:45:14:Infinity":3,"f:16:2:16:16":0,"s:17:4:17:Infinity":4,"f:20:2:20:11":1,"s:22:4:22:Infinity":5,"s:23:4:23:Infinity":6,"s:26:4:26:Infinity":7,"s:29:18:29:Infinity":8,"s:30:4:30:Infinity":9,"s:33:26:33:Infinity":10,"s:34:4:34:Infinity":11,"s:37:4:37:Infinity":12,"s:40:4:44:Infinity":13,"f:42:16:42:22":2,"s:42:22:42:Infinity":14,"s:47:4:47:Infinity":15,"f:50:2:50:15":3,"s:51:4:51:Infinity":16,"s:52:4:52:Infinity":17,"f:55:2:55:19":4,"s:56:30:56:Infinity":18,"s:57:4:57:Infinity":19,"s:60:4:60:Infinity":20,"s:61:4:61:Infinity":21,"s:64:4:64:Infinity":22,"s:66:4:71:Infinity":23,"s:66:17:66:20":24,"s:67:6:67:Infinity":25,"s:68:6:68:Infinity":26,"s:69:6:69:Infinity":27,"s:70:6:70:Infinity":28,"s:73:4:78:Infinity":29,"s:73:17:73:20":30,"s:74:6:74:Infinity":31,"s:75:6:75:Infinity":32,"s:76:6:76:Infinity":33,"s:77:6:77:Infinity":34,"f:81:2:81:9":5,"s:82:18:82:Infinity":35,"b:83:4:83:Infinity:undefined:undefined:undefined:undefined":0,"s:83:4:83:Infinity":36,"s:83:24:83:Infinity":37,"s:86:4:86:Infinity":38,"s:89:4:89:Infinity":39,"b:92:4:100:Infinity:undefined:undefined:undefined:undefined":1,"s:92:4:100:Infinity":40,"s:93:24:96:Infinity":41,"b:97:6:99:Infinity:undefined:undefined:undefined:undefined":2,"s:97:6:99:Infinity":42,"s:98:8:98:Infinity":43,"s:103:4:103:Infinity":44,"s:104:4:104:Infinity":45,"s:105:4:105:Infinity":46,"f:108:2:108:14":6,"s:109:18:109:Infinity":47,"s:110:30:110:Infinity":48,"s:111:22:111:Infinity":49,"s:112:23:112:Infinity":50,"s:113:21:113:Infinity":51,"s:115:37:115:Infinity":52,"s:117:4:170:Infinity":53,"s:118:21:118:Infinity":54,"s:119:26:119:Infinity":55,"s:122:27:122:Infinity":56,"s:123:15:123:Infinity":57,"s:124:15:124:Infinity":58,"b:126:6:129:Infinity:undefined:undefined:undefined:undefined":3,"s:126:6:129:Infinity":59,"s:127:8:127:Infinity":60,"s:128:8:128:Infinity":61,"b:132:6:136:Infinity:undefined:undefined:undefined:undefined":4,"s:132:6:136:Infinity":62,"b:132:10:132:30:132:30:132:55":5,"s:133:31:133:Infinity":63,"s:134:8:134:Infinity":64,"s:135:8:135:Infinity":65,"s:139:14:139:Infinity":66,"s:140:14:140:Infinity":67,"b:143:6:146:Infinity:undefined:undefined:undefined:undefined":6,"s:143:6:146:Infinity":68,"s:144:8:144:Infinity":69,"s:145:8:145:Infinity":70,"b:147:6:150:Infinity:undefined:undefined:undefined:undefined":7,"s:147:6:150:Infinity":71,"s:148:8:148:Infinity":72,"s:149:8:149:Infinity":73,"b:151:6:154:Infinity:undefined:undefined:undefined:undefined":8,"s:151:6:154:Infinity":74,"s:152:8:152:Infinity":75,"s:153:8:153:Infinity":76,"b:155:6:158:Infinity:undefined:undefined:undefined:undefined":9,"s:155:6:158:Infinity":77,"s:156:8:156:Infinity":78,"s:157:8:157:Infinity":79,"s:161:34:161:Infinity":80,"s:164:27:164:Infinity":81,"b:165:6:167:Infinity:undefined:undefined:undefined:undefined":10,"s:165:6:167:Infinity":82,"s:166:8:166:Infinity":83,"s:169:6:169:Infinity":84,"s:173:4:173:Infinity":85,"f:176:2:176:Infinity":7,"s:182:36:182:Infinity":86,"s:183:20:183:Infinity":87,"s:185:4:190:Infinity":88,"b:186:6:189:Infinity:undefined:undefined:undefined:undefined":11,"s:186:6:189:Infinity":89,"s:187:8:187:Infinity":90,"s:188:8:188:Infinity":91,"b:192:4:206:Infinity:undefined:undefined:undefined:undefined":12,"s:192:4:206:Infinity":92,"s:193:22:193:Infinity":93,"s:194:22:194:Infinity":94,"s:195:21:195:Infinity":95,"s:196:21:196:Infinity":96,"s:197:19:197:Infinity":97,"b:199:6:205:Infinity:undefined:undefined:undefined:undefined":13,"s:199:6:205:Infinity":98,"s:200:30:200:Infinity":99,"s:201:8:204:Infinity":100,"s:208:4:208:Infinity":101,"f:211:2:211:Infinity":8,"s:217:18:217:Infinity":102,"s:218:25:218:Infinity":103,"s:220:4:239:Infinity":104,"b:221:6:238:Infinity:undefined:undefined:undefined:undefined":14,"s:221:6:238:Infinity":105,"s:222:23:222:Infinity":106,"b:224:8:227:Infinity:undefined:undefined:undefined:undefined":15,"s:224:8:227:Infinity":107,"s:225:10:225:Infinity":108,"s:226:10:226:Infinity":109,"b:230:8:232:Infinity:undefined:undefined:undefined:undefined":16,"s:230:8:232:Infinity":110,"b:230:12:230:32:230:32:230:56":17,"s:231:10:231:Infinity":111,"b:235:8:237:Infinity:undefined:undefined:undefined:undefined":18,"s:235:8:237:Infinity":112,"s:236:10:236:Infinity":113,"s:240:4:240:Infinity":114,"f:243:2:243:24":9,"s:244:21:244:Infinity":115,"s:245:21:245:Infinity":116,"s:246:18:246:Infinity":117,"s:247:18:247:Infinity":118,"s:248:4:248:Infinity":119,"f:251:2:251:18":10,"s:252:25:252:Infinity":120,"s:253:25:253:Infinity":121,"s:254:19:254:Infinity":122,"s:255:19:255:Infinity":123,"s:257:24:257:Infinity":124,"s:258:24:258:Infinity":125,"b:260:4:264:Infinity:262:11:264:Infinity":19,"s:260:4:264:Infinity":126,"s:261:6:261:Infinity":127,"s:263:6:263:Infinity":128,"f:267:2:267:10":11,"s:268:18:268:Infinity":129,"s:269:28:269:Infinity":130,"s:271:4:285:Infinity":131,"s:272:27:272:Infinity":132,"s:273:27:273:Infinity":133,"s:274:19:276:Infinity":134,"b:278:6:284:Infinity:undefined:undefined:undefined:undefined":20,"s:278:6:284:Infinity":135,"s:279:23:279:Infinity":136,"b:280:8:283:Infinity:undefined:undefined:undefined:undefined":21,"s:280:8:283:Infinity":137,"s:281:10:281:Infinity":138,"s:282:10:282:Infinity":139,"s:287:4:287:Infinity":140,"f:290:2:290:14":12,"s:292:23:292:Infinity":141,"f:292:41:292:42":13,"s:292:48:292:52":142,"s:293:4:298:Infinity":143,"b:294:6:297:Infinity:undefined:undefined:undefined:undefined":22,"s:294:6:297:Infinity":144,"s:295:8:295:Infinity":145,"s:296:8:296:Infinity":146,"s:301:4:323:Infinity":147,"s:302:21:302:Infinity":148,"b:303:6:306:Infinity:undefined:undefined:undefined:undefined":23,"s:303:6:306:Infinity":149,"s:304:8:304:Infinity":150,"s:305:8:305:Infinity":151,"s:308:6:308:Infinity":152,"s:309:21:309:Infinity":153,"s:310:20:310:Infinity":154,"s:313:6:313:Infinity":155,"s:314:6:314:Infinity":156,"s:317:6:317:Infinity":157,"s:318:6:318:Infinity":158,"s:321:6:321:Infinity":159,"s:322:6:322:Infinity":160,"f:326:2:326:15":14,"s:328:23:328:Infinity":161,"f:328:42:328:43":15,"s:328:49:328:53":162,"s:329:4:334:Infinity":163,"b:330:6:333:Infinity:undefined:undefined:undefined:undefined":24,"s:330:6:333:Infinity":164,"s:331:8:331:Infinity":165,"s:332:8:332:Infinity":166,"s:337:4:386:Infinity":167,"s:338:21:338:Infinity":168,"b:339:6:342:Infinity:undefined:undefined:undefined:undefined":25,"s:339:6:342:Infinity":169,"s:340:8:340:Infinity":170,"s:341:8:341:Infinity":171,"s:344:6:344:Infinity":172,"s:345:12:345:Infinity":173,"s:346:23:346:Infinity":174,"s:347:28:347:Infinity":175,"s:350:6:350:Infinity":176,"s:351:6:351:Infinity":177,"s:354:6:354:Infinity":178,"s:355:6:355:Infinity":179,"s:358:26:360:Infinity":180,"s:361:6:361:Infinity":181,"s:362:6:362:Infinity":182,"b:365:6:368:Infinity:undefined:undefined:undefined:undefined":26,"s:365:6:368:Infinity":183,"s:366:8:366:Infinity":184,"s:367:8:367:Infinity":185,"b:371:6:385:Infinity:undefined:undefined:undefined:undefined":27,"s:371:6:385:Infinity":186,"s:372:21:381:Infinity":187,"s:382:8:382:Infinity":188,"s:384:8:384:Infinity":189,"f:384:34:384:40":16,"s:384:40:384:54":190,"f:389:2:389:21":17,"s:391:4:393:Infinity":191,"s:392:6:392:Infinity":192,"s:394:4:394:Infinity":193,"s:396:23:396:Infinity":194,"s:398:4:411:Infinity":195,"s:399:23:399:Infinity":196,"s:400:23:400:Infinity":197,"s:401:21:401:Infinity":198,"s:402:20:402:Infinity":199,"s:405:6:405:Infinity":200,"s:406:6:406:Infinity":201,"s:407:6:407:Infinity":202,"s:408:6:408:Infinity":203,"s:410:6:410:Infinity":204,"f:414:2:414:13":18,"b:415:4:417:Infinity:undefined:undefined:undefined:undefined":28,"s:415:4:417:Infinity":205,"s:416:6:416:Infinity":206,"s:418:4:418:Infinity":207,"s:424:23:424:Infinity":208,"s:425:24:425:Infinity":209,"s:426:20:426:Infinity":210,"s:427:22:427:Infinity":211,"s:428:23:428:Infinity":212,"f:430:2:430:14":19,"s:431:4:431:Infinity":213,"f:434:2:434:17":20,"s:435:22:435:Infinity":214,"s:436:32:436:Infinity":215,"s:437:17:439:Infinity":216,"s:440:17:440:Infinity":217,"s:442:18:442:Infinity":218,"s:444:4:467:Infinity":219,"s:444:19:444:22":220,"b:444:22:444:36:444:36:444:53":29,"s:445:6:466:Infinity":221,"s:445:21:445:24":222,"b:445:24:445:38:445:38:445:55":30,"s:446:18:446:Infinity":223,"s:447:18:447:Infinity":224,"s:449:30:449:Infinity":225,"s:450:21:450:Infinity":226,"s:452:26:452:Infinity":227,"s:454:8:464:Infinity":228,"s:465:8:465:Infinity":229,"s:469:4:469:Infinity":230,"f:472:2:472:24":21,"s:473:30:473:Infinity":231,"s:474:17:476:Infinity":232,"s:477:20:479:Infinity":233,"s:480:22:480:Infinity":234,"s:482:24:482:Infinity":235,"b:483:4:483:Infinity:undefined:undefined:undefined:undefined":31,"s:483:4:483:Infinity":236,"s:483:26:483:Infinity":237,"s:485:21:485:Infinity":238,"s:486:4:494:Infinity":239,"s:487:18:489:Infinity":240,"s:490:18:492:Infinity":241,"s:493:6:493:Infinity":242,"s:496:35:496:Infinity":243,"s:498:4:522:Infinity":244,"s:498:19:498:22":245,"b:498:22:498:39:498:39:498:71":32,"s:499:6:521:Infinity":246,"s:499:21:499:24":247,"b:499:24:499:38:499:38:499:70":33,"b:500:8:520:Infinity:undefined:undefined:undefined:undefined":34,"s:500:8:520:Infinity":248,"s:501:20:501:Infinity":249,"s:502:20:502:Infinity":250,"s:504:32:504:Infinity":251,"s:505:23:505:Infinity":252,"s:507:28:507:Infinity":253,"s:509:10:519:Infinity":254,"s:524:4:524:Infinity":255}}}
,"F:\\GitHub\\vibe-idle-bricks\\src\\store\\gameStore.ts": {"path":"F:\\GitHub\\vibe-idle-bricks\\src\\store\\gameStore.ts","statementMap":{"0":{"start":{"line":58,"column":28},"end":{"line":65,"column":null}},"1":{"start":{"line":58,"column":62},"end":{"line":65,"column":null}},"2":{"start":{"line":67,"column":31},"end":{"line":71,"column":null}},"3":{"start":{"line":67,"column":71},"end":{"line":71,"column":null}},"4":{"start":{"line":73,"column":26},"end":{"line":87,"column":null}},"5":{"start":{"line":74,"column":12},"end":{"line":74,"column":null}},"6":{"start":{"line":75,"column":12},"end":{"line":75,"column":null}},"7":{"start":{"line":76,"column":16},"end":{"line":76,"column":null}},"8":{"start":{"line":77,"column":16},"end":{"line":77,"column":null}},"9":{"start":{"line":79,"column":2},"end":{"line":86,"column":null}},"10":{"start":{"line":89,"column":13},"end":{"line":395,"column":null}},"11":{"start":{"line":90,"column":39},"end":{"line":394,"column":4}},"12":{"start":{"line":107,"column":6},"end":{"line":107,"column":null}},"13":{"start":{"line":109,"column":20},"end":{"line":109,"column":null}},"14":{"start":{"line":110,"column":6},"end":{"line":112,"column":null}},"15":{"start":{"line":111,"column":8},"end":{"line":111,"column":null}},"16":{"start":{"line":116,"column":20},"end":{"line":116,"column":null}},"17":{"start":{"line":117,"column":28},"end":{"line":117,"column":null}},"18":{"start":{"line":118,"column":23},"end":{"line":118,"column":null}},"19":{"start":{"line":119,"column":6},"end":{"line":119,"column":null}},"20":{"start":{"line":123,"column":20},"end":{"line":123,"column":null}},"21":{"start":{"line":124,"column":6},"end":{"line":126,"column":null}},"22":{"start":{"line":129,"column":22},"end":{"line":129,"column":null}},"23":{"start":{"line":130,"column":6},"end":{"line":132,"column":null}},"24":{"start":{"line":131,"column":8},"end":{"line":131,"column":null}},"25":{"start":{"line":136,"column":20},"end":{"line":136,"column":null}},"26":{"start":{"line":137,"column":19},"end":{"line":137,"column":null}},"27":{"start":{"line":139,"column":6},"end":{"line":164,"column":null}},"28":{"start":{"line":140,"column":23},"end":{"line":140,"column":null}},"29":{"start":{"line":141,"column":34},"end":{"line":141,"column":null}},"30":{"start":{"line":142,"column":18},"end":{"line":142,"column":null}},"31":{"start":{"line":143,"column":18},"end":{"line":143,"column":null}},"32":{"start":{"line":144,"column":22},"end":{"line":144,"column":null}},"33":{"start":{"line":146,"column":34},"end":{"line":153,"column":null}},"34":{"start":{"line":155,"column":8},"end":{"line":162,"column":null}},"35":{"start":{"line":163,"column":8},"end":{"line":163,"column":null}},"36":{"start":{"line":165,"column":6},"end":{"line":165,"column":null}},"37":{"start":{"line":169,"column":20},"end":{"line":169,"column":null}},"38":{"start":{"line":170,"column":19},"end":{"line":170,"column":null}},"39":{"start":{"line":172,"column":6},"end":{"line":185,"column":null}},"40":{"start":{"line":173,"column":8},"end":{"line":183,"column":null}},"41":{"start":{"line":184,"column":8},"end":{"line":184,"column":null}},"42":{"start":{"line":186,"column":6},"end":{"line":186,"column":null}},"43":{"start":{"line":190,"column":20},"end":{"line":190,"column":null}},"44":{"start":{"line":191,"column":6},"end":{"line":191,"column":null}},"45":{"start":{"line":195,"column":20},"end":{"line":195,"column":null}},"46":{"start":{"line":196,"column":6},"end":{"line":196,"column":null}},"47":{"start":{"line":196,"column":32},"end":{"line":196,"column":null}},"48":{"start":{"line":198,"column":32},"end":{"line":198,"column":null}},"49":{"start":{"line":200,"column":6},"end":{"line":212,"column":null}},"50":{"start":{"line":214,"column":6},"end":{"line":214,"column":null}},"51":{"start":{"line":217,"column":27},"end":{"line":217,"column":null}},"52":{"start":{"line":220,"column":20},"end":{"line":220,"column":null}},"53":{"start":{"line":221,"column":6},"end":{"line":221,"column":null}},"54":{"start":{"line":221,"column":47},"end":{"line":221,"column":58}},"55":{"start":{"line":225,"column":20},"end":{"line":225,"column":null}},"56":{"start":{"line":226,"column":25},"end":{"line":226,"column":null}},"57":{"start":{"line":226,"column":55},"end":{"line":226,"column":66}},"58":{"start":{"line":227,"column":6},"end":{"line":227,"column":null}},"59":{"start":{"line":227,"column":29},"end":{"line":227,"column":null}},"60":{"start":{"line":229,"column":20},"end":{"line":229,"column":null}},"61":{"start":{"line":230,"column":24},"end":{"line":230,"column":null}},"62":{"start":{"line":231,"column":24},"end":{"line":231,"column":null}},"63":{"start":{"line":233,"column":6},"end":{"line":243,"column":null}},"64":{"start":{"line":234,"column":8},"end":{"line":236,"column":null}},"65":{"start":{"line":235,"column":45},"end":{"line":235,"column":56}},"66":{"start":{"line":237,"column":8},"end":{"line":237,"column":null}},"67":{"start":{"line":239,"column":26},"end":{"line":239,"column":null}},"68":{"start":{"line":240,"column":8},"end":{"line":240,"column":null}},"69":{"start":{"line":241,"column":8},"end":{"line":241,"column":null}},"70":{"start":{"line":242,"column":8},"end":{"line":242,"column":null}},"71":{"start":{"line":247,"column":20},"end":{"line":247,"column":null}},"72":{"start":{"line":248,"column":6},"end":{"line":253,"column":null}},"73":{"start":{"line":257,"column":20},"end":{"line":257,"column":null}},"74":{"start":{"line":258,"column":6},"end":{"line":262,"column":null}},"75":{"start":{"line":260,"column":23},"end":{"line":260,"column":58}},"76":{"start":{"line":261,"column":25},"end":{"line":261,"column":35}},"77":{"start":{"line":266,"column":20},"end":{"line":266,"column":null}},"78":{"start":{"line":267,"column":23},"end":{"line":282,"column":null}},"79":{"start":{"line":274,"column":58},"end":{"line":274,"column":75}},"80":{"start":{"line":277,"column":61},"end":{"line":277,"column":78}},"81":{"start":{"line":280,"column":38},"end":{"line":280,"column":44}},"82":{"start":{"line":283,"column":6},"end":{"line":283,"column":null}},"83":{"start":{"line":287,"column":22},"end":{"line":287,"column":null}},"84":{"start":{"line":288,"column":6},"end":{"line":288,"column":null}},"85":{"start":{"line":288,"column":20},"end":{"line":288,"column":null}},"86":{"start":{"line":290,"column":6},"end":{"line":355,"column":null}},"87":{"start":{"line":291,"column":25},"end":{"line":291,"column":null}},"88":{"start":{"line":292,"column":22},"end":{"line":292,"column":null}},"89":{"start":{"line":293,"column":34},"end":{"line":293,"column":null}},"90":{"start":{"line":296,"column":14},"end":{"line":309,"column":null}},"91":{"start":{"line":297,"column":25},"end":{"line":297,"column":null}},"92":{"start":{"line":298,"column":20},"end":{"line":298,"column":null}},"93":{"start":{"line":299,"column":20},"end":{"line":299,"column":null}},"94":{"start":{"line":300,"column":24},"end":{"line":300,"column":null}},"95":{"start":{"line":301,"column":10},"end":{"line":308,"column":null}},"96":{"start":{"line":311,"column":53},"end":{"line":311,"column":null}},"97":{"start":{"line":312,"column":8},"end":{"line":314,"column":null}},"98":{"start":{"line":313,"column":10},"end":{"line":313,"column":null}},"99":{"start":{"line":316,"column":62},"end":{"line":316,"column":null}},"100":{"start":{"line":317,"column":8},"end":{"line":319,"column":null}},"101":{"start":{"line":318,"column":10},"end":{"line":318,"column":null}},"102":{"start":{"line":321,"column":8},"end":{"line":331,"column":null}},"103":{"start":{"line":334,"column":8},"end":{"line":352,"column":null}},"104":{"start":{"line":335,"column":30},"end":{"line":335,"column":null}},"105":{"start":{"line":336,"column":26},"end":{"line":336,"column":null}},"106":{"start":{"line":337,"column":26},"end":{"line":337,"column":null}},"107":{"start":{"line":339,"column":10},"end":{"line":351,"column":null}},"108":{"start":{"line":340,"column":29},"end":{"line":340,"column":null}},"109":{"start":{"line":342,"column":14},"end":{"line":344,"column":null}},"110":{"start":{"line":345,"column":33},"end":{"line":345,"column":null}},"111":{"start":{"line":347,"column":12},"end":{"line":350,"column":null}},"112":{"start":{"line":348,"column":14},"end":{"line":348,"column":null}},"113":{"start":{"line":349,"column":14},"end":{"line":349,"column":null}},"114":{"start":{"line":354,"column":8},"end":{"line":354,"column":null}},"115":{"start":{"line":359,"column":6},"end":{"line":359,"column":null}},"116":{"start":{"line":360,"column":20},"end":{"line":360,"column":null}},"117":{"start":{"line":361,"column":32},"end":{"line":361,"column":null}},"118":{"start":{"line":363,"column":6},"end":{"line":375,"column":null}},"119":{"start":{"line":378,"column":27},"end":{"line":378,"column":null}},"120":{"start":{"line":381,"column":20},"end":{"line":381,"column":null}},"121":{"start":{"line":382,"column":6},"end":{"line":382,"column":null}},"122":{"start":{"line":386,"column":20},"end":{"line":386,"column":null}},"123":{"start":{"line":387,"column":6},"end":{"line":387,"column":null}},"124":{"start":{"line":391,"column":20},"end":{"line":391,"column":null}},"125":{"start":{"line":392,"column":6},"end":{"line":392,"column":null}}},"fnMap":{"0":{"name":"(anonymous_0)","decl":{"start":{"line":58,"column":28},"end":{"line":58,"column":62}},"loc":{"start":{"line":58,"column":62},"end":{"line":65,"column":null}},"line":58},"1":{"name":"(anonymous_1)","decl":{"start":{"line":67,"column":31},"end":{"line":67,"column":71}},"loc":{"start":{"line":67,"column":71},"end":{"line":71,"column":null}},"line":67},"2":{"name":"(anonymous_2)","decl":{"start":{"line":73,"column":26},"end":{"line":73,"column":27}},"loc":{"start":{"line":73,"column":83},"end":{"line":87,"column":null}},"line":73},"3":{"name":"(anonymous_3)","decl":{"start":{"line":90,"column":24},"end":{"line":90,"column":25}},"loc":{"start":{"line":90,"column":39},"end":{"line":394,"column":4}},"line":90},"4":{"name":"(anonymous_4)","decl":{"start":{"line":106,"column":19},"end":{"line":106,"column":20}},"loc":{"start":{"line":106,"column":38},"end":{"line":113,"column":null}},"line":106},"5":{"name":"(anonymous_5)","decl":{"start":{"line":115,"column":14},"end":{"line":115,"column":15}},"loc":{"start":{"line":115,"column":26},"end":{"line":120,"column":null}},"line":115},"6":{"name":"(anonymous_6)","decl":{"start":{"line":122,"column":27},"end":{"line":122,"column":33}},"loc":{"start":{"line":122,"column":33},"end":{"line":133,"column":null}},"line":122},"7":{"name":"(anonymous_7)","decl":{"start":{"line":135,"column":13},"end":{"line":135,"column":14}},"loc":{"start":{"line":135,"column":23},"end":{"line":166,"column":null}},"line":135},"8":{"name":"(anonymous_8)","decl":{"start":{"line":168,"column":16},"end":{"line":168,"column":17}},"loc":{"start":{"line":168,"column":26},"end":{"line":187,"column":null}},"line":168},"9":{"name":"(anonymous_9)","decl":{"start":{"line":189,"column":17},"end":{"line":189,"column":23}},"loc":{"start":{"line":189,"column":23},"end":{"line":192,"column":null}},"line":189},"10":{"name":"(anonymous_10)","decl":{"start":{"line":194,"column":14},"end":{"line":194,"column":20}},"loc":{"start":{"line":194,"column":20},"end":{"line":215,"column":null}},"line":194},"11":{"name":"(anonymous_11)","decl":{"start":{"line":217,"column":15},"end":{"line":217,"column":16}},"loc":{"start":{"line":217,"column":27},"end":{"line":217,"column":null}},"line":217},"12":{"name":"(anonymous_12)","decl":{"start":{"line":219,"column":17},"end":{"line":219,"column":18}},"loc":{"start":{"line":219,"column":25},"end":{"line":222,"column":null}},"line":219},"13":{"name":"(anonymous_13)","decl":{"start":{"line":221,"column":40},"end":{"line":221,"column":41}},"loc":{"start":{"line":221,"column":47},"end":{"line":221,"column":58}},"line":221},"14":{"name":"(anonymous_14)","decl":{"start":{"line":224,"column":17},"end":{"line":224,"column":18}},"loc":{"start":{"line":224,"column":33},"end":{"line":244,"column":null}},"line":224},"15":{"name":"(anonymous_15)","decl":{"start":{"line":226,"column":48},"end":{"line":226,"column":49}},"loc":{"start":{"line":226,"column":55},"end":{"line":226,"column":66}},"line":226},"16":{"name":"(anonymous_16)","decl":{"start":{"line":235,"column":38},"end":{"line":235,"column":39}},"loc":{"start":{"line":235,"column":45},"end":{"line":235,"column":56}},"line":235},"17":{"name":"(anonymous_17)","decl":{"start":{"line":246,"column":18},"end":{"line":246,"column":19}},"loc":{"start":{"line":246,"column":36},"end":{"line":254,"column":null}},"line":246},"18":{"name":"(anonymous_18)","decl":{"start":{"line":256,"column":22},"end":{"line":256,"column":23}},"loc":{"start":{"line":256,"column":37},"end":{"line":263,"column":null}},"line":256},"19":{"name":"(anonymous_19)","decl":{"start":{"line":260,"column":15},"end":{"line":260,"column":16}},"loc":{"start":{"line":260,"column":23},"end":{"line":260,"column":58}},"line":260},"20":{"name":"(anonymous_20)","decl":{"start":{"line":261,"column":18},"end":{"line":261,"column":19}},"loc":{"start":{"line":261,"column":25},"end":{"line":261,"column":35}},"line":261},"21":{"name":"(anonymous_21)","decl":{"start":{"line":265,"column":10},"end":{"line":265,"column":16}},"loc":{"start":{"line":265,"column":16},"end":{"line":284,"column":null}},"line":265},"22":{"name":"(anonymous_22)","decl":{"start":{"line":274,"column":46},"end":{"line":274,"column":47}},"loc":{"start":{"line":274,"column":58},"end":{"line":274,"column":75}},"line":274},"23":{"name":"(anonymous_23)","decl":{"start":{"line":277,"column":49},"end":{"line":277,"column":50}},"loc":{"start":{"line":277,"column":61},"end":{"line":277,"column":78}},"line":277},"24":{"name":"(anonymous_24)","decl":{"start":{"line":280,"column":31},"end":{"line":280,"column":32}},"loc":{"start":{"line":280,"column":38},"end":{"line":280,"column":44}},"line":280},"25":{"name":"(anonymous_25)","decl":{"start":{"line":286,"column":10},"end":{"line":286,"column":16}},"loc":{"start":{"line":286,"column":16},"end":{"line":356,"column":null}},"line":286},"26":{"name":"(anonymous_26)","decl":{"start":{"line":296,"column":68},"end":{"line":296,"column":69}},"loc":{"start":{"line":296,"column":88},"end":{"line":309,"column":9}},"line":296},"27":{"name":"(anonymous_27)","decl":{"start":{"line":358,"column":11},"end":{"line":358,"column":17}},"loc":{"start":{"line":358,"column":17},"end":{"line":376,"column":null}},"line":358},"28":{"name":"(anonymous_28)","decl":{"start":{"line":378,"column":15},"end":{"line":378,"column":16}},"loc":{"start":{"line":378,"column":27},"end":{"line":378,"column":null}},"line":378},"29":{"name":"(anonymous_29)","decl":{"start":{"line":380,"column":19},"end":{"line":380,"column":25}},"loc":{"start":{"line":380,"column":25},"end":{"line":383,"column":null}},"line":380},"30":{"name":"(anonymous_30)","decl":{"start":{"line":385,"column":17},"end":{"line":385,"column":23}},"loc":{"start":{"line":385,"column":23},"end":{"line":388,"column":null}},"line":385},"31":{"name":"(anonymous_31)","decl":{"start":{"line":390,"column":18},"end":{"line":390,"column":24}},"loc":{"start":{"line":390,"column":24},"end":{"line":393,"column":null}},"line":390}},"branchMap":{"0":{"loc":{"start":{"line":110,"column":6},"end":{"line":112,"column":null}},"type":"if","locations":[{"start":{"line":110,"column":6},"end":{"line":112,"column":null}},{"start":{},"end":{}}],"line":110},"1":{"loc":{"start":{"line":130,"column":6},"end":{"line":132,"column":null}},"type":"if","locations":[{"start":{"line":130,"column":6},"end":{"line":132,"column":null}},{"start":{},"end":{}}],"line":130},"2":{"loc":{"start":{"line":139,"column":6},"end":{"line":164,"column":null}},"type":"if","locations":[{"start":{"line":139,"column":6},"end":{"line":164,"column":null}},{"start":{},"end":{}}],"line":139},"3":{"loc":{"start":{"line":172,"column":6},"end":{"line":185,"column":null}},"type":"if","locations":[{"start":{"line":172,"column":6},"end":{"line":185,"column":null}},{"start":{},"end":{}}],"line":172},"4":{"loc":{"start":{"line":196,"column":6},"end":{"line":196,"column":null}},"type":"if","locations":[{"start":{"line":196,"column":6},"end":{"line":196,"column":null}},{"start":{},"end":{}}],"line":196},"5":{"loc":{"start":{"line":227,"column":6},"end":{"line":227,"column":null}},"type":"if","locations":[{"start":{"line":227,"column":6},"end":{"line":227,"column":null}},{"start":{},"end":{}}],"line":227},"6":{"loc":{"start":{"line":233,"column":6},"end":{"line":243,"column":null}},"type":"if","locations":[{"start":{"line":233,"column":6},"end":{"line":243,"column":null}},{"start":{"line":238,"column":13},"end":{"line":243,"column":null}}],"line":233},"7":{"loc":{"start":{"line":288,"column":6},"end":{"line":288,"column":null}},"type":"if","locations":[{"start":{"line":288,"column":6},"end":{"line":288,"column":null}},{"start":{},"end":{}}],"line":288},"8":{"loc":{"start":{"line":296,"column":35},"end":{"line":296,"column":64}},"type":"binary-expr","locations":[{"start":{"line":296,"column":35},"end":{"line":296,"column":53}},{"start":{"line":296,"column":53},"end":{"line":296,"column":64}}],"line":296},"9":{"loc":{"start":{"line":297,"column":25},"end":{"line":297,"column":null}},"type":"binary-expr","locations":[{"start":{"line":297,"column":25},"end":{"line":297,"column":45}},{"start":{"line":297,"column":45},"end":{"line":297,"column":null}}],"line":297},"10":{"loc":{"start":{"line":312,"column":50},"end":{"line":312,"column":74}},"type":"binary-expr","locations":[{"start":{"line":312,"column":50},"end":{"line":312,"column":72}},{"start":{"line":312,"column":72},"end":{"line":312,"column":74}}],"line":312},"11":{"loc":{"start":{"line":317,"column":50},"end":{"line":317,"column":77}},"type":"binary-expr","locations":[{"start":{"line":317,"column":50},"end":{"line":317,"column":75}},{"start":{"line":317,"column":75},"end":{"line":317,"column":77}}],"line":317},"12":{"loc":{"start":{"line":322,"column":29},"end":{"line":322,"column":48}},"type":"binary-expr","locations":[{"start":{"line":322,"column":29},"end":{"line":322,"column":47}},{"start":{"line":322,"column":47},"end":{"line":322,"column":48}}],"line":322},"13":{"loc":{"start":{"line":323,"column":36},"end":{"line":323,"column":62}},"type":"binary-expr","locations":[{"start":{"line":323,"column":36},"end":{"line":323,"column":61}},{"start":{"line":323,"column":61},"end":{"line":323,"column":62}}],"line":323},"14":{"loc":{"start":{"line":324,"column":41},"end":{"line":324,"column":72}},"type":"binary-expr","locations":[{"start":{"line":324,"column":41},"end":{"line":324,"column":71}},{"start":{"line":324,"column":71},"end":{"line":324,"column":72}}],"line":324},"15":{"loc":{"start":{"line":325,"column":25},"end":{"line":325,"column":null}},"type":"binary-expr","locations":[{"start":{"line":325,"column":25},"end":{"line":325,"column":51}},{"start":{"line":325,"column":51},"end":{"line":325,"column":null}}],"line":325},"16":{"loc":{"start":{"line":326,"column":20},"end":{"line":326,"column":null}},"type":"binary-expr","locations":[{"start":{"line":326,"column":20},"end":{"line":326,"column":41}},{"start":{"line":326,"column":41},"end":{"line":326,"column":null}}],"line":326},"17":{"loc":{"start":{"line":327,"column":21},"end":{"line":327,"column":null}},"type":"cond-expr","locations":[{"start":{"line":327,"column":57},"end":{"line":327,"column":69}},{"start":{"line":327,"column":69},"end":{"line":327,"column":null}}],"line":327},"18":{"loc":{"start":{"line":328,"column":24},"end":{"line":328,"column":null}},"type":"cond-expr","locations":[{"start":{"line":328,"column":63},"end":{"line":328,"column":78}},{"start":{"line":328,"column":78},"end":{"line":328,"column":null}}],"line":328},"19":{"loc":{"start":{"line":329,"column":23},"end":{"line":329,"column":null}},"type":"binary-expr","locations":[{"start":{"line":329,"column":23},"end":{"line":329,"column":47}},{"start":{"line":329,"column":47},"end":{"line":329,"column":null}}],"line":329},"20":{"loc":{"start":{"line":330,"column":17},"end":{"line":330,"column":null}},"type":"cond-expr","locations":[{"start":{"line":330,"column":36},"end":{"line":330,"column":44}},{"start":{"line":330,"column":44},"end":{"line":330,"column":null}}],"line":330},"21":{"loc":{"start":{"line":334,"column":8},"end":{"line":352,"column":null}},"type":"if","locations":[{"start":{"line":334,"column":8},"end":{"line":352,"column":null}},{"start":{},"end":{}}],"line":334},"22":{"loc":{"start":{"line":339,"column":10},"end":{"line":351,"column":null}},"type":"if","locations":[{"start":{"line":339,"column":10},"end":{"line":351,"column":null}},{"start":{},"end":{}}],"line":339},"23":{"loc":{"start":{"line":347,"column":12},"end":{"line":350,"column":null}},"type":"if","locations":[{"start":{"line":347,"column":12},"end":{"line":350,"column":null}},{"start":{},"end":{}}],"line":347}},"s":{"0":5,"1":16,"2":5,"3":16,"4":5,"5":10,"6":10,"7":10,"8":10,"9":10,"10":5,"11":5,"12":2,"13":2,"14":2,"15":2,"16":5,"17":5,"18":5,"19":5,"20":3,"21":3,"22":3,"23":3,"24":2,"25":7,"26":7,"27":7,"28":6,"29":6,"30":6,"31":6,"32":6,"33":6,"34":6,"35":6,"36":1,"37":5,"38":5,"39":5,"40":4,"41":4,"42":1,"43":35,"44":35,"45":5,"46":5,"47":1,"48":4,"49":4,"50":4,"51":0,"52":0,"53":0,"54":0,"55":5,"56":5,"57":5,"58":5,"59":1,"60":4,"61":4,"62":4,"63":4,"64":2,"65":2,"66":2,"67":2,"68":2,"69":2,"70":2,"71":3,"72":3,"73":2,"74":2,"75":2,"76":2,"77":5,"78":5,"79":30,"80":15,"81":4,"82":5,"83":7,"84":7,"85":1,"86":6,"87":6,"88":6,"89":6,"90":6,"91":9,"92":9,"93":9,"94":9,"95":9,"96":7,"97":7,"98":6,"99":5,"100":5,"101":3,"102":5,"103":7,"104":5,"105":5,"106":5,"107":5,"108":1,"109":1,"110":1,"111":1,"112":1,"113":1,"114":1,"115":3,"116":3,"117":3,"118":3,"119":2,"120":1,"121":1,"122":1,"123":1,"124":1,"125":1},"f":{"0":16,"1":16,"2":10,"3":5,"4":2,"5":5,"6":3,"7":7,"8":5,"9":35,"10":5,"11":0,"12":0,"13":0,"14":5,"15":5,"16":2,"17":3,"18":2,"19":2,"20":2,"21":5,"22":30,"23":15,"24":4,"25":7,"26":9,"27":3,"28":2,"29":1,"30":1,"31":1},"b":{"0":[2,0],"1":[2,1],"2":[6,1],"3":[4,1],"4":[1,4],"5":[1,4],"6":[2,2],"7":[1,6],"8":[6,0],"9":[9,0],"10":[7,2],"11":[5,2],"12":[5,0],"13":[7,2],"14":[7,2],"15":[7,3],"16":[7,2],"17":[1,4],"18":[1,4],"19":[7,2],"20":[4,1],"21":[5,2],"22":[1,4],"23":[1,0]},"meta":{"lastBranch":24,"lastFunction":32,"lastStatement":126,"seen":{"s:58:28:65:Infinity":0,"f:58:28:58:62":0,"s:58:62:65:Infinity":1,"s:67:31:71:Infinity":2,"f:67:31:67:71":1,"s:67:71:71:Infinity":3,"s:73:26:87:Infinity":4,"f:73:26:73:27":2,"s:74:12:74:Infinity":5,"s:75:12:75:Infinity":6,"s:76:16:76:Infinity":7,"s:77:16:77:Infinity":8,"s:79:2:86:Infinity":9,"s:89:13:395:Infinity":10,"f:90:24:90:25":3,"s:90:39:394:4":11,"f:106:19:106:20":4,"s:107:6:107:Infinity":12,"s:109:20:109:Infinity":13,"b:110:6:112:Infinity:undefined:undefined:undefined:undefined":0,"s:110:6:112:Infinity":14,"s:111:8:111:Infinity":15,"f:115:14:115:15":5,"s:116:20:116:Infinity":16,"s:117:28:117:Infinity":17,"s:118:23:118:Infinity":18,"s:119:6:119:Infinity":19,"f:122:27:122:33":6,"s:123:20:123:Infinity":20,"s:124:6:126:Infinity":21,"s:129:22:129:Infinity":22,"b:130:6:132:Infinity:undefined:undefined:undefined:undefined":1,"s:130:6:132:Infinity":23,"s:131:8:131:Infinity":24,"f:135:13:135:14":7,"s:136:20:136:Infinity":25,"s:137:19:137:Infinity":26,"b:139:6:164:Infinity:undefined:undefined:undefined:undefined":2,"s:139:6:164:Infinity":27,"s:140:23:140:Infinity":28,"s:141:34:141:Infinity":29,"s:142:18:142:Infinity":30,"s:143:18:143:Infinity":31,"s:144:22:144:Infinity":32,"s:146:34:153:Infinity":33,"s:155:8:162:Infinity":34,"s:163:8:163:Infinity":35,"s:165:6:165:Infinity":36,"f:168:16:168:17":8,"s:169:20:169:Infinity":37,"s:170:19:170:Infinity":38,"b:172:6:185:Infinity:undefined:undefined:undefined:undefined":3,"s:172:6:185:Infinity":39,"s:173:8:183:Infinity":40,"s:184:8:184:Infinity":41,"s:186:6:186:Infinity":42,"f:189:17:189:23":9,"s:190:20:190:Infinity":43,"s:191:6:191:Infinity":44,"f:194:14:194:20":10,"s:195:20:195:Infinity":45,"b:196:6:196:Infinity:undefined:undefined:undefined:undefined":4,"s:196:6:196:Infinity":46,"s:196:32:196:Infinity":47,"s:198:32:198:Infinity":48,"s:200:6:212:Infinity":49,"s:214:6:214:Infinity":50,"f:217:15:217:16":11,"s:217:27:217:Infinity":51,"f:219:17:219:18":12,"s:220:20:220:Infinity":52,"s:221:6:221:Infinity":53,"f:221:40:221:41":13,"s:221:47:221:58":54,"f:224:17:224:18":14,"s:225:20:225:Infinity":55,"s:226:25:226:Infinity":56,"f:226:48:226:49":15,"s:226:55:226:66":57,"b:227:6:227:Infinity:undefined:undefined:undefined:undefined":5,"s:227:6:227:Infinity":58,"s:227:29:227:Infinity":59,"s:229:20:229:Infinity":60,"s:230:24:230:Infinity":61,"s:231:24:231:Infinity":62,"b:233:6:243:Infinity:238:13:243:Infinity":6,"s:233:6:243:Infinity":63,"s:234:8:236:Infinity":64,"f:235:38:235:39":16,"s:235:45:235:56":65,"s:237:8:237:Infinity":66,"s:239:26:239:Infinity":67,"s:240:8:240:Infinity":68,"s:241:8:241:Infinity":69,"s:242:8:242:Infinity":70,"f:246:18:246:19":17,"s:247:20:247:Infinity":71,"s:248:6:253:Infinity":72,"f:256:22:256:23":18,"s:257:20:257:Infinity":73,"s:258:6:262:Infinity":74,"f:260:15:260:16":19,"s:260:23:260:58":75,"f:261:18:261:19":20,"s:261:25:261:35":76,"f:265:10:265:16":21,"s:266:20:266:Infinity":77,"s:267:23:282:Infinity":78,"f:274:46:274:47":22,"s:274:58:274:75":79,"f:277:49:277:50":23,"s:277:61:277:78":80,"f:280:31:280:32":24,"s:280:38:280:44":81,"s:283:6:283:Infinity":82,"f:286:10:286:16":25,"s:287:22:287:Infinity":83,"b:288:6:288:Infinity:undefined:undefined:undefined:undefined":7,"s:288:6:288:Infinity":84,"s:288:20:288:Infinity":85,"s:290:6:355:Infinity":86,"s:291:25:291:Infinity":87,"s:292:22:292:Infinity":88,"s:293:34:293:Infinity":89,"s:296:14:309:Infinity":90,"b:296:35:296:53:296:53:296:64":8,"f:296:68:296:69":26,"s:297:25:297:Infinity":91,"b:297:25:297:45:297:45:297:Infinity":9,"s:298:20:298:Infinity":92,"s:299:20:299:Infinity":93,"s:300:24:300:Infinity":94,"s:301:10:308:Infinity":95,"s:311:53:311:Infinity":96,"s:312:8:314:Infinity":97,"b:312:50:312:72:312:72:312:74":10,"s:313:10:313:Infinity":98,"s:316:62:316:Infinity":99,"s:317:8:319:Infinity":100,"b:317:50:317:75:317:75:317:77":11,"s:318:10:318:Infinity":101,"s:321:8:331:Infinity":102,"b:322:29:322:47:322:47:322:48":12,"b:323:36:323:61:323:61:323:62":13,"b:324:41:324:71:324:71:324:72":14,"b:325:25:325:51:325:51:325:Infinity":15,"b:326:20:326:41:326:41:326:Infinity":16,"b:327:57:327:69:327:69:327:Infinity":17,"b:328:63:328:78:328:78:328:Infinity":18,"b:329:23:329:47:329:47:329:Infinity":19,"b:330:36:330:44:330:44:330:Infinity":20,"b:334:8:352:Infinity:undefined:undefined:undefined:undefined":21,"s:334:8:352:Infinity":103,"s:335:30:335:Infinity":104,"s:336:26:336:Infinity":105,"s:337:26:337:Infinity":106,"b:339:10:351:Infinity:undefined:undefined:undefined:undefined":22,"s:339:10:351:Infinity":107,"s:340:29:340:Infinity":108,"s:342:14:344:Infinity":109,"s:345:33:345:Infinity":110,"b:347:12:350:Infinity:undefined:undefined:undefined:undefined":23,"s:347:12:350:Infinity":111,"s:348:14:348:Infinity":112,"s:349:14:349:Infinity":113,"s:354:8:354:Infinity":114,"f:358:11:358:17":27,"s:359:6:359:Infinity":115,"s:360:20:360:Infinity":116,"s:361:32:361:Infinity":117,"s:363:6:375:Infinity":118,"f:378:15:378:16":28,"s:378:27:378:Infinity":119,"f:380:19:380:25":29,"s:381:20:381:Infinity":120,"s:382:6:382:Infinity":121,"f:385:17:385:23":30,"s:386:20:386:Infinity":122,"s:387:6:387:Infinity":123,"f:390:18:390:24":31,"s:391:20:391:Infinity":124,"s:392:6:392:Infinity":125}}}
,"F:\\GitHub\\vibe-idle-bricks\\src\\types\\game.ts": {"path":"F:\\GitHub\\vibe-idle-bricks\\src\\types\\game.ts","statementMap":{"0":{"start":{"line":65,"column":60},"end":{"line":127,"column":null}},"1":{"start":{"line":129,"column":34},"end":{"line":129,"column":null}},"2":{"start":{"line":130,"column":30},"end":{"line":130,"column":null}},"3":{"start":{"line":131,"column":37},"end":{"line":131,"column":null}},"4":{"start":{"line":132,"column":34},"end":{"line":132,"column":null}}},"fnMap":{},"branchMap":{},"s":{"0":6,"1":6,"2":6,"3":6,"4":6},"f":{},"b":{},"meta":{"lastBranch":0,"lastFunction":0,"lastStatement":5,"seen":{"s:65:60:127:Infinity":0,"s:129:34:129:Infinity":1,"s:130:30:130:Infinity":2,"s:131:37:131:Infinity":3,"s:132:34:132:Infinity":4}}}
,"F:\\GitHub\\vibe-idle-bricks\\src\\utils\\helpers.ts": {"path":"F:\\GitHub\\vibe-idle-bricks\\src\\utils\\helpers.ts","statementMap":{"0":{"start":{"line":3,"column":26},"end":{"line":5,"column":null}},"1":{"start":{"line":4,"column":2},"end":{"line":4,"column":null}},"2":{"start":{"line":7,"column":28},"end":{"line":20,"column":null}},"3":{"start":{"line":8,"column":18},"end":{"line":8,"column":null}},"4":{"start":{"line":10,"column":2},"end":{"line":18,"column":null}},"5":{"start":{"line":11,"column":4},"end":{"line":11,"column":null}},"6":{"start":{"line":12,"column":2},"end":{"line":18,"column":null}},"7":{"start":{"line":13,"column":4},"end":{"line":13,"column":null}},"8":{"start":{"line":14,"column":2},"end":{"line":18,"column":null}},"9":{"start":{"line":15,"column":4},"end":{"line":15,"column":null}},"10":{"start":{"line":16,"column":2},"end":{"line":18,"column":null}},"11":{"start":{"line":17,"column":4},"end":{"line":17,"column":null}},"12":{"start":{"line":19,"column":2},"end":{"line":19,"column":null}},"13":{"start":{"line":22,"column":32},"end":{"line":29,"column":null}},"14":{"start":{"line":23,"column":14},"end":{"line":23,"column":null}},"15":{"start":{"line":24,"column":14},"end":{"line":24,"column":null}},"16":{"start":{"line":25,"column":12},"end":{"line":25,"column":null}},"17":{"start":{"line":26,"column":12},"end":{"line":26,"column":null}},"18":{"start":{"line":27,"column":12},"end":{"line":27,"column":null}},"19":{"start":{"line":28,"column":2},"end":{"line":28,"column":null}},"20":{"start":{"line":31,"column":28},"end":{"line":45,"column":null}},"21":{"start":{"line":32,"column":17},"end":{"line":43,"column":null}},"22":{"start":{"line":44,"column":2},"end":{"line":44,"column":null}}},"fnMap":{"0":{"name":"(anonymous_0)","decl":{"start":{"line":3,"column":26},"end":{"line":3,"column":40}},"loc":{"start":{"line":3,"column":40},"end":{"line":5,"column":null}},"line":3},"1":{"name":"(anonymous_1)","decl":{"start":{"line":7,"column":28},"end":{"line":7,"column":29}},"loc":{"start":{"line":7,"column":63},"end":{"line":20,"column":null}},"line":7},"2":{"name":"(anonymous_2)","decl":{"start":{"line":22,"column":32},"end":{"line":22,"column":33}},"loc":{"start":{"line":22,"column":74},"end":{"line":29,"column":null}},"line":22},"3":{"name":"(anonymous_3)","decl":{"start":{"line":31,"column":28},"end":{"line":31,"column":29}},"loc":{"start":{"line":31,"column":54},"end":{"line":45,"column":null}},"line":31}},"branchMap":{"0":{"loc":{"start":{"line":8,"column":18},"end":{"line":8,"column":null}},"type":"cond-expr","locations":[{"start":{"line":8,"column":43},"end":{"line":8,"column":49}},{"start":{"line":8,"column":49},"end":{"line":8,"column":null}}],"line":8},"1":{"loc":{"start":{"line":10,"column":2},"end":{"line":18,"column":null}},"type":"if","locations":[{"start":{"line":10,"column":2},"end":{"line":18,"column":null}},{"start":{"line":12,"column":2},"end":{"line":18,"column":null}}],"line":10},"2":{"loc":{"start":{"line":12,"column":2},"end":{"line":18,"column":null}},"type":"if","locations":[{"start":{"line":12,"column":2},"end":{"line":18,"column":null}},{"start":{"line":14,"column":2},"end":{"line":18,"column":null}}],"line":12},"3":{"loc":{"start":{"line":14,"column":2},"end":{"line":18,"column":null}},"type":"if","locations":[{"start":{"line":14,"column":2},"end":{"line":18,"column":null}},{"start":{"line":16,"column":2},"end":{"line":18,"column":null}}],"line":14},"4":{"loc":{"start":{"line":16,"column":2},"end":{"line":18,"column":null}},"type":"if","locations":[{"start":{"line":16,"column":2},"end":{"line":18,"column":null}},{"start":{},"end":{}}],"line":16}},"s":{"0":6,"1":1028,"2":6,"3":328,"4":328,"5":2,"6":326,"7":3,"8":323,"9":4,"10":319,"11":87,"12":232,"13":6,"14":6,"15":6,"16":6,"17":6,"18":6,"19":6,"20":6,"21":30,"22":30},"f":{"0":1028,"1":328,"2":6,"3":30},"b":{"0":[291,37],"1":[2,326],"2":[3,323],"3":[4,319],"4":[87,232]},"meta":{"lastBranch":5,"lastFunction":4,"lastStatement":23,"seen":{"s:3:26:5:Infinity":0,"f:3:26:3:40":0,"s:4:2:4:Infinity":1,"s:7:28:20:Infinity":2,"f:7:28:7:29":1,"s:8:18:8:Infinity":3,"b:8:43:8:49:8:49:8:Infinity":0,"b:10:2:18:Infinity:12:2:18:Infinity":1,"s:10:2:18:Infinity":4,"s:11:4:11:Infinity":5,"b:12:2:18:Infinity:14:2:18:Infinity":2,"s:12:2:18:Infinity":6,"s:13:4:13:Infinity":7,"b:14:2:18:Infinity:16:2:18:Infinity":3,"s:14:2:18:Infinity":8,"s:15:4:15:Infinity":9,"b:16:2:18:Infinity:undefined:undefined:undefined:undefined":4,"s:16:2:18:Infinity":10,"s:17:4:17:Infinity":11,"s:19:2:19:Infinity":12,"s:22:32:29:Infinity":13,"f:22:32:22:33":2,"s:23:14:23:Infinity":14,"s:24:14:24:Infinity":15,"s:25:12:25:Infinity":16,"s:26:12:26:Infinity":17,"s:27:12:27:Infinity":18,"s:28:2:28:Infinity":19,"s:31:28:45:Infinity":20,"f:31:28:31:29":3,"s:32:17:43:Infinity":21,"s:44:2:44:Infinity":22}}}
}
